#
# There is insufficient memory for the Java Runtime Environment to continue.
# Native memory allocation (malloc) failed to allocate 32744 bytes for ChunkPool::allocate
# Possible reasons:
#   The system is out of physical RAM or swap space
#   The process is running with CompressedOops enabled, and the Java Heap may be blocking the growth of the native heap
# Possible solutions:
#   Reduce memory load on the system
#   Increase physical memory or swap space
#   Check if swap backing store is full
#   Decrease Java heap size (-Xmx/-Xms)
#   Decrease number of Java threads
#   Decrease Java thread stack sizes (-Xss)
#   Set larger code cache with -XX:ReservedCodeCacheSize=
#   JVM is running with Unscaled Compressed Oops mode in which the Java heap is
#     placed in the first 4GB address space. The Java Heap base address is the
#     maximum limit for the native heap growth. Please use -XX:HeapBaseMinAddress
#     to set the Java Heap base and to place the Java Heap above 4GB virtual address.
# This output file may be truncated or incomplete.
#
#  Out of Memory Error (arena.cpp:78), pid=5504, tid=10052
#
# JRE version: OpenJDK Runtime Environment Temurin-17.0.2+8 (17.0.2+8) (build 17.0.2+8)
# Java VM: OpenJDK 64-Bit Server VM Temurin-17.0.2+8 (17.0.2+8, mixed mode, tiered, compressed oops, compressed class ptrs, g1 gc, windows-amd64)
# No core dump will be written. Minidumps are not enabled by default on client versions of Windows
#

---------------  S U M M A R Y ------------

Command Line: -ea -Dfile.encoding=Cp1252 -XX:+ShowCodeDetailsInExceptionMessages org.testng.remote.RemoteTestNG -serport 50519 -protocol json -d E:\automation\KiteZerodha\test-output C:\Users\SONY\AppData\Local\Temp\testng-eclipse-431909950\testng-customsuite.xml

Host: Intel(R) Core(TM) i5-4200U CPU @ 1.60GHz, 4 cores, 3G,  Windows 8.1 , 64 bit Build 9600 (6.3.9600.20389)
Time: Sat Jun 18 18:36:53 2022 India Standard Time elapsed time: 31.815833 seconds (0d 0h 0m 31s)

---------------  T H R E A D  ---------------

Current thread (0x0000007f721efe10):  JavaThread "C1 CompilerThread0" daemon [_thread_in_native, id=10052, stack(0x0000007f736e0000,0x0000007f737e0000)]


Current CompileTask:
C1:  31815 1933       1       io.netty.channel.DefaultChannelPipeline::channel (5 bytes)

Stack: [0x0000007f736e0000,0x0000007f737e0000]
Native frames: (J=compiled Java code, j=interpreted, Vv=VM code, C=native code)
V  [jvm.dll+0x67564a]
V  [jvm.dll+0x82fc04]
V  [jvm.dll+0x8313ae]
V  [jvm.dll+0x831a13]
V  [jvm.dll+0x245235]
V  [jvm.dll+0xabfc0]
V  [jvm.dll+0xac30c]
V  [jvm.dll+0x1777ac]
V  [jvm.dll+0x17a4e1]
V  [jvm.dll+0x134723]
V  [jvm.dll+0x13401f]
V  [jvm.dll+0x134256]
V  [jvm.dll+0x1336ea]
V  [jvm.dll+0x1353b1]
V  [jvm.dll+0x226ef8]
V  [jvm.dll+0x22503c]
V  [jvm.dll+0x7e596b]
V  [jvm.dll+0x7dff2a]
V  [jvm.dll+0x6744d5]
C  [ucrtbase.DLL+0x1c1ae]
C  [KERNEL32.DLL+0x1412]
C  [ntdll.dll+0x15504]


---------------  P R O C E S S  ---------------

Threads class SMR info:
_java_thread_list=0x0000007f75bcdac0, length=25, elements={
0x0000007f5ae751b0, 0x0000007f721b9040, 0x0000007f721ba130, 0x0000007f721a1270,
0x0000007f721a1e90, 0x0000007f721ea120, 0x0000007f721ecee0, 0x0000007f721edbc0,
0x0000007f721efe10, 0x0000007f72e3f3a0, 0x0000007f72f31d30, 0x0000007f72f334b0,
0x0000007f74225620, 0x0000007f75413320, 0x0000007f754137f0, 0x0000007f743d9020,
0x0000007f731109b0, 0x0000007f7545dd70, 0x0000007f7545fa50, 0x0000007f7545c090,
0x0000007f7545d3d0, 0x0000007f7545d8a0, 0x0000007f7545f580, 0x0000007f7545e240,
0x0000007f7545c560
}

Java Threads: ( => current thread )
  0x0000007f5ae751b0 JavaThread "Forwarding newSession on session null to remote" [_thread_blocked, id=10092, stack(0x0000007f5a510000,0x0000007f5a610000)]
  0x0000007f721b9040 JavaThread "Reference Handler" daemon [_thread_blocked, id=9524, stack(0x0000007f72300000,0x0000007f72400000)]
  0x0000007f721ba130 JavaThread "Finalizer" daemon [_thread_blocked, id=6148, stack(0x0000007f72c00000,0x0000007f72d00000)]
  0x0000007f721a1270 JavaThread "Signal Dispatcher" daemon [_thread_blocked, id=8880, stack(0x0000007f731e0000,0x0000007f732e0000)]
  0x0000007f721a1e90 JavaThread "Attach Listener" daemon [_thread_blocked, id=9556, stack(0x0000007f732e0000,0x0000007f733e0000)]
  0x0000007f721ea120 JavaThread "Service Thread" daemon [_thread_blocked, id=9572, stack(0x0000007f733e0000,0x0000007f734e0000)]
  0x0000007f721ecee0 JavaThread "Monitor Deflation Thread" daemon [_thread_blocked, id=9748, stack(0x0000007f734e0000,0x0000007f735e0000)]
  0x0000007f721edbc0 JavaThread "C2 CompilerThread0" daemon [_thread_blocked, id=9536, stack(0x0000007f735e0000,0x0000007f736e0000)]
=>0x0000007f721efe10 JavaThread "C1 CompilerThread0" daemon [_thread_in_native, id=10052, stack(0x0000007f736e0000,0x0000007f737e0000)]
  0x0000007f72e3f3a0 JavaThread "Sweeper thread" daemon [_thread_blocked, id=10036, stack(0x0000007f737e0000,0x0000007f738e0000)]
  0x0000007f72f31d30 JavaThread "Notification Thread" daemon [_thread_blocked, id=10308, stack(0x0000007f738e0000,0x0000007f739e0000)]
  0x0000007f72f334b0 JavaThread "Common-Cleaner" daemon [_thread_blocked, id=10320, stack(0x0000007f73ae0000,0x0000007f73be0000)]
  0x0000007f74225620 JavaThread "ReaderThread" [_thread_in_native, id=10404, stack(0x0000007f747c0000,0x0000007f748c0000)]
  0x0000007f75413320 JavaThread "ForkJoinPool.commonPool-worker-1" daemon [_thread_blocked, id=10540, stack(0x0000007f764d0000,0x0000007f765d0000)]
  0x0000007f754137f0 JavaThread "ForkJoinPool.commonPool-worker-2" daemon [_thread_blocked, id=10544, stack(0x0000007f765d0000,0x0000007f766d0000)]
  0x0000007f743d9020 JavaThread "ForkJoinPool.commonPool-worker-3" daemon [_thread_blocked, id=10548, stack(0x0000007f766d0000,0x0000007f767d0000)]
  0x0000007f731109b0 JavaThread "AsyncHttpClient-1-1" daemon [_thread_blocked, id=10620, stack(0x0000007f768d0000,0x0000007f769d0000)]
  0x0000007f7545dd70 JavaThread "Exec Default Executor" daemon [_thread_in_native, id=10752, stack(0x0000007f769d0000,0x0000007f76ad0000)]
  0x0000007f7545fa50 JavaThread "Driver Service Executor" daemon [_thread_blocked, id=10756, stack(0x0000007f76ad0000,0x0000007f76bd0000)]
  0x0000007f7545c090 JavaThread "Driver Service Executor" daemon [_thread_blocked, id=10760, stack(0x0000007f77400000,0x0000007f77500000)]
  0x0000007f7545d3d0 JavaThread "UrlChecker-2" daemon [_thread_blocked, id=10764, stack(0x0000007f77500000,0x0000007f77600000)]
  0x0000007f7545d8a0 JavaThread "Exec Stream Pumper" daemon [_thread_in_native, id=10776, stack(0x0000007f77600000,0x0000007f77700000)]
  0x0000007f7545f580 JavaThread "Exec Stream Pumper" daemon [_thread_in_native, id=10780, stack(0x0000007f77700000,0x0000007f77800000)]
  0x0000007f7545e240 JavaThread "AsyncHttpClient-1-2" daemon [_thread_in_native, id=11128, stack(0x0000007f77900000,0x0000007f77a00000)]
  0x0000007f7545c560 JavaThread "Keep-Alive-Timer" daemon [_thread_blocked, id=11992, stack(0x0000007f77800000,0x0000007f77900000)]

Other Threads:
  0x0000007f721688a0 VMThread "VM Thread" [stack: 0x0000007f72200000,0x0000007f72300000] [id=4264]
  0x0000007f72f32a10 WatcherThread [stack: 0x0000007f739e0000,0x0000007f73ae0000] [id=10312]
  0x0000007f5aea2350 GCTaskThread "GC Thread#0" [stack: 0x0000007f6f6b0000,0x0000007f6f7b0000] [id=10160]
  0x0000007f743831e0 GCTaskThread "GC Thread#1" [stack: 0x0000007f748c0000,0x0000007f749c0000] [id=10472]
  0x0000007f74383490 GCTaskThread "GC Thread#2" [stack: 0x0000007f749c0000,0x0000007f74ac0000] [id=10476]
  0x0000007f74385750 GCTaskThread "GC Thread#3" [stack: 0x0000007f74ac0000,0x0000007f74bc0000] [id=10480]
  0x0000007f5aeaaa50 ConcurrentGCThread "G1 Main Marker" [stack: 0x0000007f6f7b0000,0x0000007f6f8b0000] [id=10164]
  0x0000007f5aeab460 ConcurrentGCThread "G1 Conc#0" [stack: 0x0000007f6f8b0000,0x0000007f6f9b0000] [id=10168]
  0x0000007f5aee7fc0 ConcurrentGCThread "G1 Refine#0" [stack: 0x0000007f71e00000,0x0000007f71f00000] [id=10172]
  0x0000007f743aec90 ConcurrentGCThread "G1 Refine#1" [stack: 0x0000007f763d0000,0x0000007f764d0000] [id=10496]
  0x0000007f5aee89e0 ConcurrentGCThread "G1 Service" [stack: 0x0000007f71f00000,0x0000007f72000000] [id=10176]

Threads with active compile tasks:
C1 CompilerThread0    40761 1933       1       io.netty.channel.DefaultChannelPipeline::channel (5 bytes)

VM state: not at safepoint (normal execution)

VM Mutex/Monitor currently owned by a thread: None

Heap address: 0x00000000c4200000, size: 958 MB, Compressed Oops mode: 32-bit

CDS archive(s) not mapped
Compressed class space mapped at: 0x0000000100000000-0x0000000140000000, reserved size: 1073741824
Narrow klass base: 0x0000000000000000, Narrow klass shift: 3, Narrow klass range: 0x140000000

GC Precious Log:
 CPUs: 4 total, 4 available
 Memory: 3831M
 Large Page Support: Disabled
 NUMA Support: Disabled
 Compressed Oops: Enabled (32-bit)
 Heap Region Size: 1M
 Heap Min Capacity: 8M
 Heap Initial Capacity: 60M
 Heap Max Capacity: 958M
 Pre-touch: Disabled
 Parallel Workers: 4
 Concurrent Workers: 1
 Concurrent Refinement Workers: 4
 Periodic GC: Disabled

Heap:
 garbage-first heap   total 34816K, used 22592K [0x00000000c4200000, 0x0000000100000000)
  region size 1024K, 11 young (11264K), 2 survivors (2048K)
 Metaspace       used 29456K, committed 29696K, reserved 1081344K
  class space    used 3396K, committed 3520K, reserved 1048576K

Heap Regions: E=young(eden), S=young(survivor), O=old, HS=humongous(starts), HC=humongous(continues), CS=collection set, F=free, OA=open archive, CA=closed archive, TAMS=top-at-mark-start (previous, next)
|   0|0x00000000c4200000, 0x00000000c4300000, 0x00000000c4300000|100%| O|  |TAMS 0x00000000c4300000, 0x00000000c4200000| Untracked 
|   1|0x00000000c4300000, 0x00000000c4400000, 0x00000000c4400000|100%| O|  |TAMS 0x00000000c4400000, 0x00000000c4300000| Untracked 
|   2|0x00000000c4400000, 0x00000000c4500000, 0x00000000c4500000|100%| O|  |TAMS 0x00000000c4500000, 0x00000000c4400000| Untracked 
|   3|0x00000000c4500000, 0x00000000c4600000, 0x00000000c4600000|100%| O|  |TAMS 0x00000000c4600000, 0x00000000c4500000| Untracked 
|   4|0x00000000c4600000, 0x00000000c4700000, 0x00000000c4700000|100%| O|  |TAMS 0x00000000c4700000, 0x00000000c4600000| Untracked 
|   5|0x00000000c4700000, 0x00000000c47d0000, 0x00000000c4800000| 81%| O|  |TAMS 0x00000000c4779200, 0x00000000c4700000| Untracked 
|   6|0x00000000c4800000, 0x00000000c4900000, 0x00000000c4900000|100%| O|  |TAMS 0x00000000c4800000, 0x00000000c4800000| Untracked 
|   7|0x00000000c4900000, 0x00000000c4a00000, 0x00000000c4a00000|100%| O|  |TAMS 0x00000000c4900000, 0x00000000c4900000| Untracked 
|   8|0x00000000c4a00000, 0x00000000c4ab5200, 0x00000000c4b00000| 70%| O|  |TAMS 0x00000000c4a00000, 0x00000000c4a00000| Untracked 
|   9|0x00000000c4b00000, 0x00000000c4b00000, 0x00000000c4c00000|  0%| F|  |TAMS 0x00000000c4b00000, 0x00000000c4b00000| Untracked 
|  10|0x00000000c4c00000, 0x00000000c4c00000, 0x00000000c4d00000|  0%| F|  |TAMS 0x00000000c4c00000, 0x00000000c4c00000| Untracked 
|  11|0x00000000c4d00000, 0x00000000c4d00000, 0x00000000c4e00000|  0%| F|  |TAMS 0x00000000c4d00000, 0x00000000c4d00000| Untracked 
|  12|0x00000000c4e00000, 0x00000000c4e00000, 0x00000000c4f00000|  0%| F|  |TAMS 0x00000000c4e00000, 0x00000000c4e00000| Untracked 
|  13|0x00000000c4f00000, 0x00000000c4f8af98, 0x00000000c5000000| 54%| S|CS|TAMS 0x00000000c4f00000, 0x00000000c4f00000| Complete 
|  14|0x00000000c5000000, 0x00000000c5100000, 0x00000000c5100000|100%| S|CS|TAMS 0x00000000c5000000, 0x00000000c5000000| Complete 
|  15|0x00000000c5100000, 0x00000000c5200000, 0x00000000c5200000|100%|HS|  |TAMS 0x00000000c5100000, 0x00000000c5100000| Complete 
|  16|0x00000000c5200000, 0x00000000c5300000, 0x00000000c5300000|100%|HC|  |TAMS 0x00000000c5200000, 0x00000000c5200000| Complete 
|  17|0x00000000c5300000, 0x00000000c5400000, 0x00000000c5400000|100%|HC|  |TAMS 0x00000000c5300000, 0x00000000c5300000| Complete 
|  18|0x00000000c5400000, 0x00000000c5500000, 0x00000000c5500000|100%|HC|  |TAMS 0x00000000c5400000, 0x00000000c5400000| Complete 
|  19|0x00000000c5500000, 0x00000000c5600000, 0x00000000c5600000|100%|HC|  |TAMS 0x00000000c5500000, 0x00000000c5500000| Complete 
|  20|0x00000000c5600000, 0x00000000c5600000, 0x00000000c5700000|  0%| F|  |TAMS 0x00000000c5600000, 0x00000000c5600000| Untracked 
|  21|0x00000000c5700000, 0x00000000c5700000, 0x00000000c5800000|  0%| F|  |TAMS 0x00000000c5700000, 0x00000000c5700000| Untracked 
|  22|0x00000000c5800000, 0x00000000c5800000, 0x00000000c5900000|  0%| F|  |TAMS 0x00000000c5800000, 0x00000000c5800000| Untracked 
|  23|0x00000000c5900000, 0x00000000c5900000, 0x00000000c5a00000|  0%| F|  |TAMS 0x00000000c5900000, 0x00000000c5900000| Untracked 
|  24|0x00000000c5a00000, 0x00000000c5a00000, 0x00000000c5b00000|  0%| F|  |TAMS 0x00000000c5a00000, 0x00000000c5a00000| Untracked 
|  25|0x00000000c5b00000, 0x00000000c5c00000, 0x00000000c5c00000|100%| E|  |TAMS 0x00000000c5b00000, 0x00000000c5b00000| Complete 
|  26|0x00000000c5c00000, 0x00000000c5d00000, 0x00000000c5d00000|100%| E|CS|TAMS 0x00000000c5c00000, 0x00000000c5c00000| Complete 
|  27|0x00000000c5d00000, 0x00000000c5e00000, 0x00000000c5e00000|100%| E|CS|TAMS 0x00000000c5d00000, 0x00000000c5d00000| Complete 
|  28|0x00000000c5e00000, 0x00000000c5f00000, 0x00000000c5f00000|100%| E|  |TAMS 0x00000000c5e00000, 0x00000000c5e00000| Complete 
|  29|0x00000000c5f00000, 0x00000000c6000000, 0x00000000c6000000|100%| E|CS|TAMS 0x00000000c5f00000, 0x00000000c5f00000| Complete 
|  38|0x00000000c6800000, 0x00000000c6900000, 0x00000000c6900000|100%| E|CS|TAMS 0x00000000c6800000, 0x00000000c6800000| Complete 
|  39|0x00000000c6900000, 0x00000000c6a00000, 0x00000000c6a00000|100%| E|CS|TAMS 0x00000000c6900000, 0x00000000c6900000| Complete 
|  40|0x00000000c6a00000, 0x00000000c6b00000, 0x00000000c6b00000|100%| E|CS|TAMS 0x00000000c6a00000, 0x00000000c6a00000| Complete 
|  59|0x00000000c7d00000, 0x00000000c7e00000, 0x00000000c7e00000|100%| E|CS|TAMS 0x00000000c7d00000, 0x00000000c7d00000| Complete 

Card table byte_map: [0x0000007f6d4f0000,0x0000007f6d6d0000] _byte_map_base: 0x0000007f6cecf000

Marking Bits (Prev, Next): (CMBitMap*) 0x0000007f5aea29a0, (CMBitMap*) 0x0000007f5aea2960
 Prev Bits: [0x0000007f6e7b0000, 0x0000007f6f6a8000)
 Next Bits: [0x0000007f6d8b0000, 0x0000007f6e7a8000)

Polling page: 0x0000007f58c20000

Metaspace:

Usage:
  Non-class:     25.45 MB used.
      Class:      3.32 MB used.
       Both:     28.77 MB used.

Virtual space:
  Non-class space:       32.00 MB reserved,      25.56 MB ( 80%) committed,  4 nodes.
      Class space:        1.00 GB reserved,       3.44 MB ( <1%) committed,  1 nodes.
             Both:        1.03 GB reserved,      29.00 MB (  3%) committed. 

Chunk freelists:
   Non-Class:  2.39 MB
       Class:  560.00 KB
        Both:  2.94 MB

MaxMetaspaceSize: unlimited
CompressedClassSpaceSize: 1.00 GB
Initial GC threshold: 21.00 MB
Current GC threshold: 35.44 MB
CDS: off
MetaspaceReclaimPolicy: balanced
 - commit_granule_bytes: 65536.
 - commit_granule_words: 8192.
 - virtual_space_node_default_size: 1048576.
 - enlarge_chunks_in_place: 1.
 - new_chunks_are_fully_committed: 0.
 - uncommit_free_chunks: 1.
 - use_allocation_guard: 0.
 - handle_deallocations: 1.


Internal statistics:

num_allocs_failed_limit: 3.
num_arena_births: 190.
num_arena_deaths: 0.
num_vsnodes_births: 5.
num_vsnodes_deaths: 0.
num_space_committed: 464.
num_space_uncommitted: 0.
num_chunks_returned_to_freelist: 3.
num_chunks_taken_from_freelist: 775.
num_chunk_merges: 0.
num_chunk_splits: 503.
num_chunks_enlarged: 387.
num_purges: 0.
num_inconsistent_stats: 0.

CodeHeap 'non-profiled nmethods': size=120000Kb used=722Kb max_used=722Kb free=119277Kb
 bounds [0x0000007f65fc0000, 0x0000007f66230000, 0x0000007f6d4f0000]
CodeHeap 'profiled nmethods': size=120000Kb used=3637Kb max_used=3637Kb free=116362Kb
 bounds [0x0000007f5ea90000, 0x0000007f5ee20000, 0x0000007f65fc0000]
CodeHeap 'non-nmethods': size=5760Kb used=1250Kb max_used=1269Kb free=4509Kb
 bounds [0x0000007f5e4f0000, 0x0000007f5e760000, 0x0000007f5ea90000]
 total_blobs=2488 nmethods=1929 adapters=471
 compilation: enabled
              stopped_count=0, restarted_count=0
 full_count=0

Compilation events (20 events):
Event: 19.703 Thread 0x0000007f721efe10 nmethod 1922 0x0000007f5ee1ac90 code [0x0000007f5ee1aec0, 0x0000007f5ee1b6e8]
Event: 20.602 Thread 0x0000007f721efe10 1924       1       io.netty.util.HashedWheelTimer::access$1000 (5 bytes)
Event: 20.602 Thread 0x0000007f721efe10 nmethod 1924 0x0000007f66072f10 code [0x0000007f660730a0, 0x0000007f66073158]
Event: 26.191 Thread 0x0000007f721efe10 1925       3       io.netty.buffer.PooledUnsafeDirectByteBuf::addr (8 bytes)
Event: 26.192 Thread 0x0000007f721efe10 nmethod 1925 0x0000007f5ee1ba10 code [0x0000007f5ee1bba0, 0x0000007f5ee1bcb8]
Event: 26.193 Thread 0x0000007f721efe10 1926       1       java.lang.ClassLoader::getUnnamedModule (5 bytes)
Event: 26.193 Thread 0x0000007f721efe10 nmethod 1926 0x0000007f66073210 code [0x0000007f660733a0, 0x0000007f66073478]
Event: 26.701 Thread 0x0000007f721efe10 1927       3       java.util.concurrent.atomic.AtomicIntegerFieldUpdater$AtomicIntegerFieldUpdaterImpl::accessCheck (17 bytes)
Event: 26.701 Thread 0x0000007f721efe10 nmethod 1927 0x0000007f5ee1bd90 code [0x0000007f5ee1bf40, 0x0000007f5ee1c108]
Event: 27.210 Thread 0x0000007f721efe10 1928       3       java.lang.invoke.MethodHandles$Lookup::maybeBindCaller (72 bytes)
Event: 27.212 Thread 0x0000007f721edbc0 1931   !   4       java.util.zip.Inflater::inflate (418 bytes)
Event: 29.213 Thread 0x0000007f721efe10 nmethod 1928 0x0000007f5ee1c210 code [0x0000007f5ee1c440, 0x0000007f5ee1cd08]
Event: 29.223 Thread 0x0000007f721efe10 1932       3       java.util.concurrent.ConcurrentHashMap::tableSizeFor (32 bytes)
Event: 29.224 Thread 0x0000007f721efe10 nmethod 1932 0x0000007f5ee1d010 code [0x0000007f5ee1d1c0, 0x0000007f5ee1d3e8]
Event: 29.225 Thread 0x0000007f721efe10 1933       1       io.netty.channel.DefaultChannelPipeline::channel (5 bytes)
Event: 31.233 Thread 0x0000007f721edbc0 nmethod 1931 0x0000007f66073510 code [0x0000007f660736c0, 0x0000007f66073d78]
Event: 31.262 Thread 0x0000007f721edbc0 1936       4       java.util.jar.JarFile::maybeInstantiateVerifier (42 bytes)
Event: 31.264 Thread 0x0000007f721edbc0 nmethod 1936 0x0000007f66074410 code [0x0000007f660745a0, 0x0000007f66074688]
Event: 31.289 Thread 0x0000007f721edbc0 1939       4       java.util.AbstractMap::<init> (5 bytes)
Event: 31.290 Thread 0x0000007f721edbc0 nmethod 1939 0x0000007f66074790 code [0x0000007f66074900, 0x0000007f66074978]

GC Heap History (8 events):
Event: 4.570 GC heap before
{Heap before GC invocations=0 (full 0):
 garbage-first heap   total 61440K, used 12288K [0x00000000c4200000, 0x0000000100000000)
  region size 1024K, 13 young (13312K), 0 survivors (0K)
 Metaspace       used 12123K, committed 12288K, reserved 1064960K
  class space    used 1139K, committed 1216K, reserved 1048576K
}
Event: 4.619 GC heap after
{Heap after GC invocations=1 (full 0):
 garbage-first heap   total 61440K, used 5519K [0x00000000c4200000, 0x0000000100000000)
  region size 1024K, 2 young (2048K), 2 survivors (2048K)
 Metaspace       used 12123K, committed 12288K, reserved 1064960K
  class space    used 1139K, committed 1216K, reserved 1048576K
}
Event: 5.985 GC heap before
{Heap before GC invocations=1 (full 0):
 garbage-first heap   total 61440K, used 14735K [0x00000000c4200000, 0x0000000100000000)
  region size 1024K, 11 young (11264K), 2 survivors (2048K)
 Metaspace       used 15954K, committed 16192K, reserved 1064960K
  class space    used 1634K, committed 1728K, reserved 1048576K
}
Event: 5.991 GC heap after
{Heap after GC invocations=2 (full 0):
 garbage-first heap   total 61440K, used 6532K [0x00000000c4200000, 0x0000000100000000)
  region size 1024K, 1 young (1024K), 1 survivors (1024K)
 Metaspace       used 15954K, committed 16192K, reserved 1064960K
  class space    used 1634K, committed 1728K, reserved 1048576K
}
Event: 8.344 GC heap before
{Heap before GC invocations=2 (full 0):
 garbage-first heap   total 61440K, used 23940K [0x00000000c4200000, 0x0000000100000000)
  region size 1024K, 19 young (19456K), 1 survivors (1024K)
 Metaspace       used 21309K, committed 21504K, reserved 1073152K
  class space    used 2280K, committed 2368K, reserved 1048576K
}
Event: 8.349 GC heap after
{Heap after GC invocations=3 (full 0):
 garbage-first heap   total 61440K, used 9024K [0x00000000c4200000, 0x0000000100000000)
  region size 1024K, 3 young (3072K), 3 survivors (3072K)
 Metaspace       used 21309K, committed 21504K, reserved 1073152K
  class space    used 2280K, committed 2368K, reserved 1048576K
}
Event: 12.842 GC heap before
{Heap before GC invocations=4 (full 0):
 garbage-first heap   total 34816K, used 24384K [0x00000000c4200000, 0x0000000100000000)
  region size 1024K, 19 young (19456K), 3 survivors (3072K)
 Metaspace       used 26967K, committed 27200K, reserved 1073152K
  class space    used 3041K, committed 3136K, reserved 1048576K
}
Event: 12.853 GC heap after
{Heap after GC invocations=5 (full 0):
 garbage-first heap   total 34816K, used 10304K [0x00000000c4200000, 0x0000000100000000)
  region size 1024K, 2 young (2048K), 2 survivors (2048K)
 Metaspace       used 26967K, committed 27200K, reserved 1073152K
  class space    used 3041K, committed 3136K, reserved 1048576K
}

Deoptimization events (20 events):
Event: 9.539 Thread 0x0000007f7545d3d0 Uncommon trap: trap_request=0xffffff45 fr.pc=0x0000007f66036878 relative=0x00000000000000d8
Event: 9.539 Thread 0x0000007f7545d3d0 Uncommon trap: reason=unstable_if action=reinterpret pc=0x0000007f66036878 method=java.lang.CharacterDataLatin1.digit(II)I @ 12 c2
Event: 9.539 Thread 0x0000007f7545d3d0 DEOPT PACKING pc=0x0000007f66036878 sp=0x0000007f775feb90
Event: 9.539 Thread 0x0000007f7545d3d0 DEOPT UNPACKING pc=0x0000007f5e5423a3 sp=0x0000007f775fea48 mode 2
Event: 10.051 Thread 0x0000007f7545d3d0 Uncommon trap: trap_request=0xffffff45 fr.pc=0x0000007f660364c8 relative=0x00000000000000a8
Event: 10.051 Thread 0x0000007f7545d3d0 Uncommon trap: reason=unstable_if action=reinterpret pc=0x0000007f660364c8 method=java.lang.CharacterDataLatin1.digit(II)I @ 12 c2
Event: 10.051 Thread 0x0000007f7545d3d0 DEOPT PACKING pc=0x0000007f660364c8 sp=0x0000007f775feae0
Event: 10.051 Thread 0x0000007f7545d3d0 DEOPT UNPACKING pc=0x0000007f5e5423a3 sp=0x0000007f775fea58 mode 2
Event: 12.560 Thread 0x0000007f5ae751b0 Uncommon trap: trap_request=0xffffffde fr.pc=0x0000007f660518b0 relative=0x0000000000000450
Event: 12.560 Thread 0x0000007f5ae751b0 Uncommon trap: reason=class_check action=maybe_recompile pc=0x0000007f660518b0 method=java.util.regex.Pattern$Start.match(Ljava/util/regex/Matcher;ILjava/lang/CharSequence;)Z @ 44 c2
Event: 12.560 Thread 0x0000007f5ae751b0 DEOPT PACKING pc=0x0000007f660518b0 sp=0x0000007f5a60c9a0
Event: 12.560 Thread 0x0000007f5ae751b0 DEOPT UNPACKING pc=0x0000007f5e5423a3 sp=0x0000007f5a60c8f0 mode 2
Event: 12.561 Thread 0x0000007f5ae751b0 Uncommon trap: trap_request=0xffffffde fr.pc=0x0000007f660518b0 relative=0x0000000000000450
Event: 12.561 Thread 0x0000007f5ae751b0 Uncommon trap: reason=class_check action=maybe_recompile pc=0x0000007f660518b0 method=java.util.regex.Pattern$Start.match(Ljava/util/regex/Matcher;ILjava/lang/CharSequence;)Z @ 44 c2
Event: 12.561 Thread 0x0000007f5ae751b0 DEOPT PACKING pc=0x0000007f660518b0 sp=0x0000007f5a60c9a0
Event: 12.561 Thread 0x0000007f5ae751b0 DEOPT UNPACKING pc=0x0000007f5e5423a3 sp=0x0000007f5a60c8f0 mode 2
Event: 12.561 Thread 0x0000007f5ae751b0 Uncommon trap: trap_request=0xffffffde fr.pc=0x0000007f660518b0 relative=0x0000000000000450
Event: 12.561 Thread 0x0000007f5ae751b0 Uncommon trap: reason=class_check action=maybe_recompile pc=0x0000007f660518b0 method=java.util.regex.Pattern$Start.match(Ljava/util/regex/Matcher;ILjava/lang/CharSequence;)Z @ 44 c2
Event: 12.561 Thread 0x0000007f5ae751b0 DEOPT PACKING pc=0x0000007f660518b0 sp=0x0000007f5a60c9a0
Event: 12.561 Thread 0x0000007f5ae751b0 DEOPT UNPACKING pc=0x0000007f5e5423a3 sp=0x0000007f5a60c8f0 mode 2

Classes unloaded (0 events):
No events

Classes redefined (0 events):
No events

Internal exceptions (20 events):
Event: 9.268 Thread 0x0000007f5ae751b0 Exception <a 'java/lang/NoSuchMethodError'{0x00000000c59ef8f0}: 'java.lang.Object java.lang.invoke.DirectMethodHandle$Holder.invokeInterface(java.lang.Object, java.lang.Object, java.lang.Object, java.lang.Object)'> (0x00000000c59ef8f0) 
thrown [e:\jenkins\tmp\workspace\build\src\src\hotspot\share\interpreter\linkResolver.cpp, line 766]
Event: 9.273 Thread 0x0000007f5ae751b0 Exception <a 'java/lang/NoSuchMethodError'{0x00000000c59fc420}: 'void java.lang.invoke.DirectMethodHandle$Holder.invokeInterface(java.lang.Object, java.lang.Object, java.lang.Object)'> (0x00000000c59fc420) 
thrown [e:\jenkins\tmp\workspace\build\src\src\hotspot\share\interpreter\linkResolver.cpp, line 766]
Event: 9.277 Thread 0x0000007f5ae751b0 Exception <a 'java/lang/NoSuchMethodError'{0x00000000c5805d38}: 'java.lang.Object java.lang.invoke.DirectMethodHandle$Holder.invokeVirtual(java.lang.Object, java.lang.Object, java.lang.Object)'> (0x00000000c5805d38) 
thrown [e:\jenkins\tmp\workspace\build\src\src\hotspot\share\interpreter\linkResolver.cpp, line 766]
Event: 9.476 Thread 0x0000007f7545dd70 Exception <a 'java/lang/NoSuchMethodError'{0x00000000c56914e0}: 'void java.lang.invoke.DirectMethodHandle$Holder.invokeStatic(java.lang.Object, long)'> (0x00000000c56914e0) 
thrown [e:\jenkins\tmp\workspace\build\src\src\hotspot\share\interpreter\linkResolver.cpp, line 766]
Event: 9.477 Thread 0x0000007f7545dd70 Exception <a 'java/lang/NoSuchMethodError'{0x00000000c56ac8b8}: 'java.lang.Object java.lang.invoke.DirectMethodHandle$Holder.newInvokeSpecial(java.lang.Object, long)'> (0x00000000c56ac8b8) 
thrown [e:\jenkins\tmp\workspace\build\src\src\hotspot\share\interpreter\linkResolver.cpp, line 766]
Event: 9.480 Thread 0x0000007f7545dd70 Exception <a 'java/lang/NoSuchMethodError'{0x00000000c56b6b28}: 'java.lang.Object java.lang.invoke.DirectMethodHandle$Holder.invokeStaticInit(java.lang.Object, java.lang.Object, long, java.lang.Object)'> (0x00000000c56b6b28) 
thrown [e:\jenkins\tmp\workspace\build\src\src\hotspot\share\interpreter\linkResolver.cpp, line 766]
Event: 9.481 Thread 0x0000007f7545dd70 Exception <a 'java/lang/NoSuchMethodError'{0x00000000c56bcbb0}: 'java.lang.Object java.lang.invoke.DirectMethodHandle$Holder.newInvokeSpecial(java.lang.Object, java.lang.Object, long)'> (0x00000000c56bcbb0) 
thrown [e:\jenkins\tmp\workspace\build\src\src\hotspot\share\interpreter\linkResolver.cpp, line 766]
Event: 9.481 Thread 0x0000007f7545dd70 Exception <a 'java/lang/NoSuchMethodError'{0x00000000c56c0720}: 'java.lang.Object java.lang.invoke.Invokers$Holder.linkToTargetMethod(java.lang.Object, long, java.lang.Object)'> (0x00000000c56c0720) 
thrown [e:\jenkins\tmp\workspace\build\src\src\hotspot\share\interpreter\linkResolver.cpp, line 766]
Event: 10.039 Thread 0x0000007f7545d3d0 Exception <a 'java/net/SocketException'{0x00000000c56dfe78}: Socket is not connected: shutdown> (0x00000000c56dfe78) 
thrown [e:\jenkins\tmp\workspace\build\src\src\hotspot\share\prims\jni.cpp, line 535]
Event: 10.552 Thread 0x0000007f7545d3d0 Exception <a 'java/net/SocketException'{0x00000000c56e11c0}: Socket is not connected: shutdown> (0x00000000c56e11c0) 
thrown [e:\jenkins\tmp\workspace\build\src\src\hotspot\share\prims\jni.cpp, line 535]
Event: 11.073 Thread 0x0000007f7545d3d0 Exception <a 'java/net/SocketException'{0x00000000c56e2438}: Socket is not connected: shutdown> (0x00000000c56e2438) 
thrown [e:\jenkins\tmp\workspace\build\src\src\hotspot\share\prims\jni.cpp, line 535]
Event: 11.615 Thread 0x0000007f7545d3d0 Exception <a 'java/net/SocketException'{0x00000000c56e36b0}: Socket is not connected: shutdown> (0x00000000c56e36b0) 
thrown [e:\jenkins\tmp\workspace\build\src\src\hotspot\share\prims\jni.cpp, line 535]
Event: 12.196 Thread 0x0000007f7545d3d0 Exception <a 'java/net/SocketException'{0x00000000c56e4928}: Socket is not connected: shutdown> (0x00000000c56e4928) 
thrown [e:\jenkins\tmp\workspace\build\src\src\hotspot\share\prims\jni.cpp, line 535]
Event: 12.492 Thread 0x0000007f5ae751b0 Exception <a 'java/lang/NoSuchMethodError'{0x00000000c567ea68}: 'double java.lang.invoke.DirectMethodHandle$Holder.invokeVirtual(java.lang.Object, java.lang.Object)'> (0x00000000c567ea68) 
thrown [e:\jenkins\tmp\workspace\build\src\src\hotspot\share\interpreter\linkResolver.cpp, line 766]
Event: 12.494 Thread 0x0000007f5ae751b0 Exception <a 'java/lang/NoSuchMethodError'{0x00000000c55322e0}: 'float java.lang.invoke.DirectMethodHandle$Holder.invokeVirtual(java.lang.Object, java.lang.Object)'> (0x00000000c55322e0) 
thrown [e:\jenkins\tmp\workspace\build\src\src\hotspot\share\interpreter\linkResolver.cpp, line 766]
Event: 12.501 Thread 0x0000007f5ae751b0 Exception <a 'java/lang/NoSuchMethodError'{0x00000000c553b568}: 'long java.lang.invoke.DirectMethodHandle$Holder.invokeVirtual(java.lang.Object, java.lang.Object)'> (0x00000000c553b568) 
thrown [e:\jenkins\tmp\workspace\build\src\src\hotspot\share\interpreter\linkResolver.cpp, line 766]
Event: 12.636 Thread 0x0000007f5ae751b0 Exception <a 'java/lang/NoSuchMethodError'{0x00000000c54859e8}: 'void java.lang.invoke.DirectMethodHandle$Holder.invokeStatic(java.lang.Object, java.lang.Object, int)'> (0x00000000c54859e8) 
thrown [e:\jenkins\tmp\workspace\build\src\src\hotspot\share\interpreter\linkResolver.cpp, line 766]
Event: 12.689 Thread 0x0000007f5ae751b0 Exception <a 'java/lang/NoSuchMethodError'{0x00000000c533bf40}: 'java.lang.Object java.lang.invoke.DirectMethodHandle$Holder.newInvokeSpecial(java.lang.Object, java.lang.Object, java.lang.Object, java.lang.Object, java.lang.Object)'> (0x00000000c533bf40) 
thrown [e:\jenkins\tmp\workspace\build\src\src\hotspot\share\interpreter\linkResolver.cpp, line 766]
Event: 12.717 Thread 0x0000007f5ae751b0 Exception <a 'java/lang/NoSuchMethodError'{0x00000000c520b0a0}: 'int java.lang.invoke.DirectMethodHandle$Holder.invokeSpecialIFC(java.lang.Object, java.lang.Object, java.lang.Object)'> (0x00000000c520b0a0) 
thrown [e:\jenkins\tmp\workspace\build\src\src\hotspot\share\interpreter\linkResolver.cpp, line 766]
Event: 12.882 Thread 0x0000007f5ae751b0 Exception <a 'java/lang/NoSuchMethodError'{0x00000000c7de66f0}: 'void java.lang.invoke.DirectMethodHandle$Holder.invokeSpecial(java.lang.Object, java.lang.Object, java.lang.Object, java.lang.Object, java.lang.Object, java.lang.Object)'> (0x00000000c7de66f0) 
thrown [e:\jenkins\tmp\workspace\build\src\src\hotspot\share\interpreter\linkResolver.cpp, line 766]

VM Operations (20 events):
Event: 10.372 Executing VM operation: Cleanup
Event: 10.372 Executing VM operation: Cleanup done
Event: 11.373 Executing VM operation: Cleanup
Event: 11.373 Executing VM operation: Cleanup done
Event: 12.373 Executing VM operation: Cleanup
Event: 12.373 Executing VM operation: Cleanup done
Event: 12.467 Executing VM operation: HandshakeAllThreads
Event: 12.467 Executing VM operation: HandshakeAllThreads done
Event: 12.467 Executing VM operation: HandshakeAllThreads
Event: 12.468 Executing VM operation: HandshakeAllThreads done
Event: 12.470 Executing VM operation: HandshakeAllThreads
Event: 12.470 Executing VM operation: HandshakeAllThreads done
Event: 12.842 Executing VM operation: G1CollectForAllocation
Event: 12.853 Executing VM operation: G1CollectForAllocation done
Event: 14.853 Executing VM operation: Cleanup
Event: 14.853 Executing VM operation: Cleanup done
Event: 17.855 Executing VM operation: Cleanup
Event: 17.855 Executing VM operation: Cleanup done
Event: 26.859 Executing VM operation: Cleanup
Event: 27.204 Executing VM operation: Cleanup done

Events (20 events):
Event: 13.234 loading class java/io/PushbackInputStream done
Event: 13.297 loading class java/nio/charset/IllegalCharsetNameException
Event: 13.297 loading class java/nio/charset/IllegalCharsetNameException done
Event: 13.297 loading class java/nio/charset/UnsupportedCharsetException
Event: 13.297 loading class java/nio/charset/UnsupportedCharsetException done
Event: 13.309 loading class sun/nio/ch/IOVecWrapper
Event: 13.310 loading class sun/nio/ch/IOVecWrapper done
Event: 13.310 loading class sun/nio/ch/AllocatedNativeObject
Event: 13.310 loading class sun/nio/ch/NativeObject
Event: 13.310 loading class sun/nio/ch/NativeObject done
Event: 13.310 loading class sun/nio/ch/AllocatedNativeObject done
Event: 13.310 loading class sun/nio/ch/IOVecWrapper$Deallocator
Event: 13.310 loading class sun/nio/ch/IOVecWrapper$Deallocator done
Event: 17.470 Thread 0x0000007f7545c560 Thread exited: 0x0000007f7545c560
Event: 29.402 loading class java/util/concurrent/ConcurrentLinkedDeque$Itr
Event: 31.226 loading class java/util/concurrent/ConcurrentLinkedDeque$AbstractItr
Event: 31.226 loading class java/util/concurrent/ConcurrentLinkedDeque$AbstractItr done
Event: 31.226 loading class java/util/concurrent/ConcurrentLinkedDeque$Itr done
Event: 31.266 loading class java/util/DualPivotQuicksort
Event: 31.267 loading class java/util/DualPivotQuicksort done


Dynamic libraries:
0x00007ff650990000 - 0x00007ff65099e000 	C:\Users\SONY\.p2\pool\plugins\org.eclipse.justj.openjdk.hotspot.jre.full.win32.x86_64_17.0.2.v20220201-1208\jre\bin\javaw.exe
0x00007ff84e990000 - 0x00007ff84eb3d000 	C:\WINDOWS\SYSTEM32\ntdll.dll
0x00007ff84c590000 - 0x00007ff84c6cf000 	C:\WINDOWS\system32\KERNEL32.DLL
0x00007ff84bdc0000 - 0x00007ff84bed5000 	C:\WINDOWS\system32\KERNELBASE.dll
0x00007ff8486a0000 - 0x00007ff8486b8000 	C:\Users\SONY\.p2\pool\plugins\org.eclipse.justj.openjdk.hotspot.jre.full.win32.x86_64_17.0.2.v20220201-1208\jre\bin\jli.dll
0x00007ff83fcc0000 - 0x00007ff83fcd9000 	C:\Users\SONY\.p2\pool\plugins\org.eclipse.justj.openjdk.hotspot.jre.full.win32.x86_64_17.0.2.v20220201-1208\jre\bin\VCRUNTIME140.dll
0x00007ff846170000 - 0x00007ff846174000 	C:\Users\SONY\.p2\pool\plugins\org.eclipse.justj.openjdk.hotspot.jre.full.win32.x86_64_17.0.2.v20220201-1208\jre\bin\api-ms-win-crt-stdio-l1-1-0.dll
0x00007ff83f070000 - 0x00007ff83f074000 	C:\Users\SONY\.p2\pool\plugins\org.eclipse.justj.openjdk.hotspot.jre.full.win32.x86_64_17.0.2.v20220201-1208\jre\bin\api-ms-win-crt-runtime-l1-1-0.dll
0x00007ff83f060000 - 0x00007ff83f063000 	C:\Users\SONY\.p2\pool\plugins\org.eclipse.justj.openjdk.hotspot.jre.full.win32.x86_64_17.0.2.v20220201-1208\jre\bin\api-ms-win-crt-environment-l1-1-0.dll
0x00007ff83f050000 - 0x00007ff83f055000 	C:\Users\SONY\.p2\pool\plugins\org.eclipse.justj.openjdk.hotspot.jre.full.win32.x86_64_17.0.2.v20220201-1208\jre\bin\api-ms-win-crt-math-l1-1-0.dll
0x00007ff83b360000 - 0x00007ff83b363000 	C:\Users\SONY\.p2\pool\plugins\org.eclipse.justj.openjdk.hotspot.jre.full.win32.x86_64_17.0.2.v20220201-1208\jre\bin\api-ms-win-crt-locale-l1-1-0.dll
0x00007ff83a960000 - 0x00007ff83a963000 	C:\Users\SONY\.p2\pool\plugins\org.eclipse.justj.openjdk.hotspot.jre.full.win32.x86_64_17.0.2.v20220201-1208\jre\bin\api-ms-win-crt-heap-l1-1-0.dll
0x00007ff849760000 - 0x00007ff8499db000 	C:\WINDOWS\WinSxS\amd64_microsoft.windows.common-controls_6595b64144ccf1df_6.0.9600.19394_none_62486577ecb635cf\COMCTL32.dll
0x00007ff84e680000 - 0x00007ff84e7f7000 	C:\WINDOWS\system32\USER32.dll
0x00007ff83a060000 - 0x00007ff83a063000 	C:\Users\SONY\.p2\pool\plugins\org.eclipse.justj.openjdk.hotspot.jre.full.win32.x86_64_17.0.2.v20220201-1208\jre\bin\api-ms-win-crt-filesystem-l1-1-0.dll
0x00007ff839980000 - 0x00007ff839984000 	C:\Users\SONY\.p2\pool\plugins\org.eclipse.justj.openjdk.hotspot.jre.full.win32.x86_64_17.0.2.v20220201-1208\jre\bin\api-ms-win-crt-string-l1-1-0.dll
0x00007ff839590000 - 0x00007ff839594000 	C:\Users\SONY\.p2\pool\plugins\org.eclipse.justj.openjdk.hotspot.jre.full.win32.x86_64_17.0.2.v20220201-1208\jre\bin\api-ms-win-crt-convert-l1-1-0.dll
0x00007ff84deb0000 - 0x00007ff84df5a000 	C:\WINDOWS\system32\msvcrt.dll
0x00007ff84c1b0000 - 0x00007ff84c2fe000 	C:\WINDOWS\system32\GDI32.dll
0x00007ff82f110000 - 0x00007ff82f20a000 	C:\Users\SONY\.p2\pool\plugins\org.eclipse.justj.openjdk.hotspot.jre.full.win32.x86_64_17.0.2.v20220201-1208\jre\bin\ucrtbase.DLL
0x00007ff84c010000 - 0x00007ff84c046000 	C:\WINDOWS\system32\IMM32.DLL
0x00007ff84c050000 - 0x00007ff84c1a1000 	C:\WINDOWS\system32\MSCTF.dll
0x00007ff842630000 - 0x00007ff84263c000 	C:\Users\SONY\.p2\pool\plugins\org.eclipse.justj.openjdk.hotspot.jre.full.win32.x86_64_17.0.2.v20220201-1208\jre\bin\vcruntime140_1.dll
0x00007ff82e790000 - 0x00007ff82e821000 	C:\Users\SONY\.p2\pool\plugins\org.eclipse.justj.openjdk.hotspot.jre.full.win32.x86_64_17.0.2.v20220201-1208\jre\bin\msvcp140.dll
0x00007ff8393c0000 - 0x00007ff8393c3000 	C:\Users\SONY\.p2\pool\plugins\org.eclipse.justj.openjdk.hotspot.jre.full.win32.x86_64_17.0.2.v20220201-1208\jre\bin\api-ms-win-crt-time-l1-1-0.dll
0x00007ff8392e0000 - 0x00007ff8392e3000 	C:\Users\SONY\.p2\pool\plugins\org.eclipse.justj.openjdk.hotspot.jre.full.win32.x86_64_17.0.2.v20220201-1208\jre\bin\api-ms-win-crt-utility-l1-1-0.dll
0x00007ff8282d0000 - 0x00007ff828f17000 	C:\Users\SONY\.p2\pool\plugins\org.eclipse.justj.openjdk.hotspot.jre.full.win32.x86_64_17.0.2.v20220201-1208\jre\bin\server\jvm.dll
0x00007ff84dcc0000 - 0x00007ff84dd6d000 	C:\WINDOWS\system32\ADVAPI32.dll
0x00007ff8433b0000 - 0x00007ff8433b9000 	C:\WINDOWS\SYSTEM32\WSOCK32.dll
0x00007ff843e90000 - 0x00007ff843eb2000 	C:\WINDOWS\SYSTEM32\WINMM.dll
0x00007ff849010000 - 0x00007ff84901a000 	C:\WINDOWS\SYSTEM32\VERSION.dll
0x00007ff84e4d0000 - 0x00007ff84e4d7000 	C:\WINDOWS\system32\PSAPI.DLL
0x00007ff84dc60000 - 0x00007ff84dcbb000 	C:\WINDOWS\SYSTEM32\sechost.dll
0x00007ff84dd70000 - 0x00007ff84dea5000 	C:\WINDOWS\system32\RPCRT4.dll
0x00007ff84c300000 - 0x00007ff84c35a000 	C:\WINDOWS\system32\WS2_32.dll
0x00007ff843e40000 - 0x00007ff843e6a000 	C:\WINDOWS\SYSTEM32\WINMMBASE.dll
0x00007ff84bee0000 - 0x00007ff84bf0e000 	C:\WINDOWS\system32\SspiCli.dll
0x00007ff84e370000 - 0x00007ff84e379000 	C:\WINDOWS\system32\NSI.dll
0x00007ff84bf10000 - 0x00007ff84bf5f000 	C:\WINDOWS\SYSTEM32\cfgmgr32.dll
0x00007ff84a880000 - 0x00007ff84a8a8000 	C:\WINDOWS\SYSTEM32\DEVOBJ.dll
0x00007ff83c2f0000 - 0x00007ff83c2fa000 	C:\Users\SONY\.p2\pool\plugins\org.eclipse.justj.openjdk.hotspot.jre.full.win32.x86_64_17.0.2.v20220201-1208\jre\bin\jimage.dll
0x00007ff849020000 - 0x00007ff8491aa000 	C:\WINDOWS\SYSTEM32\DBGHELP.DLL
0x00007ff83c1a0000 - 0x00007ff83c1c5000 	C:\Users\SONY\.p2\pool\plugins\org.eclipse.justj.openjdk.hotspot.jre.full.win32.x86_64_17.0.2.v20220201-1208\jre\bin\java.dll
0x00007ff83c180000 - 0x00007ff83c198000 	C:\Users\SONY\.p2\pool\plugins\org.eclipse.justj.openjdk.hotspot.jre.full.win32.x86_64_17.0.2.v20220201-1208\jre\bin\zip.dll
0x00007ff84c6d0000 - 0x00007ff84dbfc000 	C:\WINDOWS\system32\SHELL32.dll
0x00007ff84df60000 - 0x00007ff84e172000 	C:\WINDOWS\SYSTEM32\combase.dll
0x00007ff84dc00000 - 0x00007ff84dc54000 	C:\WINDOWS\system32\SHLWAPI.dll
0x00007ff84a260000 - 0x00007ff84a312000 	C:\WINDOWS\SYSTEM32\SHCORE.dll
0x00007ff84ba30000 - 0x00007ff84ba45000 	C:\WINDOWS\SYSTEM32\profapi.dll
0x00007ff83c160000 - 0x00007ff83c179000 	C:\Users\SONY\.p2\pool\plugins\org.eclipse.justj.openjdk.hotspot.jre.full.win32.x86_64_17.0.2.v20220201-1208\jre\bin\net.dll
0x00007ff8432d0000 - 0x00007ff843399000 	C:\WINDOWS\SYSTEM32\WINHTTP.dll
0x00007ff84b270000 - 0x00007ff84b2c9000 	C:\WINDOWS\system32\mswsock.dll
0x00007ff83c140000 - 0x00007ff83c155000 	C:\Users\SONY\.p2\pool\plugins\org.eclipse.justj.openjdk.hotspot.jre.full.win32.x86_64_17.0.2.v20220201-1208\jre\bin\nio.dll
0x00007ff84b070000 - 0x00007ff84b114000 	C:\WINDOWS\SYSTEM32\DNSAPI.dll
0x00007ff843660000 - 0x00007ff84366a000 	C:\Windows\System32\rasadhlp.dll
0x00007ff8467a0000 - 0x00007ff84680b000 	C:\WINDOWS\System32\fwpuclnt.dll
0x00007ff84b2d0000 - 0x00007ff84b2f0000 	C:\WINDOWS\SYSTEM32\CRYPTSP.dll
0x00007ff84aef0000 - 0x00007ff84af26000 	C:\WINDOWS\system32\rsaenh.dll
0x00007ff84b510000 - 0x00007ff84b536000 	C:\WINDOWS\SYSTEM32\bcrypt.dll
0x00007ff84b000000 - 0x00007ff84b021000 	C:\WINDOWS\SYSTEM32\USERENV.dll
0x00007ff84b830000 - 0x00007ff84b893000 	C:\WINDOWS\system32\bcryptprimitives.dll
0x00007ff84b8a0000 - 0x00007ff84b8ab000 	C:\WINDOWS\SYSTEM32\CRYPTBASE.dll
0x00007ff846da0000 - 0x00007ff846dca000 	C:\WINDOWS\SYSTEM32\IPHLPAPI.DLL
0x00007ff847f00000 - 0x00007ff847f0a000 	C:\WINDOWS\SYSTEM32\WINNSI.DLL
0x00007ff846210000 - 0x00007ff846226000 	C:\WINDOWS\SYSTEM32\dhcpcsvc6.DLL
0x00007ff846840000 - 0x00007ff84685a000 	C:\WINDOWS\SYSTEM32\dhcpcsvc.DLL
0x00007ff83eb40000 - 0x00007ff83eb50000 	C:\Users\SONY\.p2\pool\plugins\org.eclipse.justj.openjdk.hotspot.jre.full.win32.x86_64_17.0.2.v20220201-1208\jre\bin\verify.dll
0x00007ff8393d0000 - 0x00007ff8393d9000 	C:\Users\SONY\.p2\pool\plugins\org.eclipse.justj.openjdk.hotspot.jre.full.win32.x86_64_17.0.2.v20220201-1208\jre\bin\management.dll
0x00007ff838e50000 - 0x00007ff838e5b000 	C:\Users\SONY\.p2\pool\plugins\org.eclipse.justj.openjdk.hotspot.jre.full.win32.x86_64_17.0.2.v20220201-1208\jre\bin\management_ext.dll
0x00007ff83b8a0000 - 0x00007ff83b8ae000 	C:\Users\SONY\.p2\pool\plugins\org.eclipse.justj.openjdk.hotspot.jre.full.win32.x86_64_17.0.2.v20220201-1208\jre\bin\sunmscapi.dll
0x00007ff84bb00000 - 0x00007ff84bd57000 	C:\WINDOWS\system32\CRYPT32.dll
0x00007ff84b4e0000 - 0x00007ff84b505000 	C:\WINDOWS\SYSTEM32\ncrypt.dll
0x00007ff84bae0000 - 0x00007ff84baf1000 	C:\WINDOWS\system32\MSASN1.dll
0x00007ff84b4a0000 - 0x00007ff84b4d7000 	C:\WINDOWS\SYSTEM32\NTASN1.dll
0x00007ff842500000 - 0x00007ff842515000 	C:\WINDOWS\system32\napinsp.dll
0x00007ff8424e0000 - 0x00007ff8424fa000 	C:\WINDOWS\system32\pnrpnsp.dll
0x00007ff849260000 - 0x00007ff84927b000 	C:\WINDOWS\system32\NLAapi.dll
0x00007ff8433a0000 - 0x00007ff8433ad000 	C:\WINDOWS\System32\winrnr.dll
0x00007ff8424c0000 - 0x00007ff8424d4000 	C:\WINDOWS\system32\wshbth.dll

dbghelp: loaded successfully - version: 4.0.5 - missing functions: none
symbol engine: initialized successfully - sym options: 0x614 - pdb path: .;C:\Users\SONY\.p2\pool\plugins\org.eclipse.justj.openjdk.hotspot.jre.full.win32.x86_64_17.0.2.v20220201-1208\jre\bin;C:\WINDOWS\SYSTEM32;C:\WINDOWS\WinSxS\amd64_microsoft.windows.common-controls_6595b64144ccf1df_6.0.9600.19394_none_62486577ecb635cf;C:\Users\SONY\.p2\pool\plugins\org.eclipse.justj.openjdk.hotspot.jre.full.win32.x86_64_17.0.2.v20220201-1208\jre\bin\server

VM Arguments:
jvm_args: -ea -Dfile.encoding=Cp1252 -XX:+ShowCodeDetailsInExceptionMessages 
java_command: org.testng.remote.RemoteTestNG -serport 50519 -protocol json -d E:\automation\KiteZerodha\test-output C:\Users\SONY\AppData\Local\Temp\testng-eclipse-431909950\testng-customsuite.xml
java_class_path (initial): C:\Users\SONY\eclipse\java-2021-12\eclipse\configuration\org.eclipse.osgi\432\0\.cp\lib\testng-remote.jar;E:\automation\KiteZerodha\target\test-classes;E:\automation\KiteZerodha\target\classes;C:\Users\SONY\.p2\pool\plugins\org.testng_7.4.0.r202105021533.jar;C:\Users\SONY\.p2\pool\plugins\com.beust.jcommander_1.78.0.jar;C:\Users\SONY\.p2\pool\plugins\org.apache-extras.beanshell.bsh_2.0.0.b6.jar;C:\Users\SONY\.p2\pool\plugins\org.yaml.snakeyaml_1.21.0.jar;C:\Users\SONY\.p2\pool\plugins\org.webjars.jquery_3.5.1.jar;C:\Users\SONY\.m2\repository\org\seleniumhq\selenium\selenium-java\4.2.0\selenium-java-4.2.0.jar;C:\Users\SONY\.m2\repository\org\seleniumhq\selenium\selenium-api\4.2.0\selenium-api-4.2.0.jar;C:\Users\SONY\.m2\repository\org\seleniumhq\selenium\selenium-chrome-driver\4.2.0\selenium-chrome-driver-4.2.0.jar;C:\Users\SONY\.m2\repository\com\google\auto\service\auto-service-annotations\1.0.1\auto-service-annotations-1.0.1.jar;C:\Users\SONY\.m2\repository\com\google\auto\service\auto-service\1.0.1\auto-service-1.0.1.jar;C:\Users\SONY\.m2\repository\com\google\auto\auto-common\1.2\auto-common-1.2.jar;C:\Users\SONY\.m2\repository\com\google\guava\guava\31.1-jre\guava-31.1-jre.jar;C:\Users\SONY\.m2\repository\com\google\guava\failureaccess\1.0.1\failureaccess-1.0.1.jar;C:\Users\SONY\.m2\repository\com\google\guava\listenablefuture\9999.0-empty-to-avoid-conflict-with-guava\listenablefuture-9999.0-empty-to-avoid-conflict-with-guava.jar;C:\Users\SONY\.m2\repository\org\checkerframework\checker-qual\3.12.0\checker-qual-3.12.0.jar;C:\Users\SONY\.m2\repository\com\google\errorprone\error_prone_annotations\2.11.0\error_prone_annotations-2.11.0.jar;C:\Users\SONY\.m2\repository\com\google\j2objc\j2objc-annotations\1.3\j2objc-annotations-1.3.jar;C:\Users\SONY\.m2\repository\org\seleniumhq\selenium\selenium-chromium-driver\4.2.0\selenium-chromium-driver-4.2.0.jar;C:\Users\SONY\.m2\repository\org\seleniumhq\selenium\selenium-json\4.2.0\selenium-jso
Launcher Type: SUN_STANDARD

[Global flags]
     intx CICompilerCount                          = 3                                         {product} {ergonomic}
     uint ConcGCThreads                            = 1                                         {product} {ergonomic}
     uint G1ConcRefinementThreads                  = 4                                         {product} {ergonomic}
   size_t G1HeapRegionSize                         = 1048576                                   {product} {ergonomic}
    uintx GCDrainStackTargetSize                   = 64                                        {product} {ergonomic}
   size_t InitialHeapSize                          = 62914560                                  {product} {ergonomic}
   size_t MarkStackSize                            = 4194304                                   {product} {ergonomic}
   size_t MaxHeapSize                              = 1004535808                                {product} {ergonomic}
   size_t MaxNewSize                               = 601882624                                 {product} {ergonomic}
   size_t MinHeapDeltaBytes                        = 1048576                                   {product} {ergonomic}
   size_t MinHeapSize                              = 8388608                                   {product} {ergonomic}
    uintx NonNMethodCodeHeapSize                   = 5832780                                {pd product} {ergonomic}
    uintx NonProfiledCodeHeapSize                  = 122912730                              {pd product} {ergonomic}
    uintx ProfiledCodeHeapSize                     = 122912730                              {pd product} {ergonomic}
    uintx ReservedCodeCacheSize                    = 251658240                              {pd product} {ergonomic}
     bool SegmentedCodeCache                       = true                                      {product} {ergonomic}
     bool ShowCodeDetailsInExceptionMessages       = true                                   {manageable} {command line}
   size_t SoftMaxHeapSize                          = 1004535808                             {manageable} {ergonomic}
     bool UseCompressedClassPointers               = true                           {product lp64_product} {ergonomic}
     bool UseCompressedOops                        = true                           {product lp64_product} {ergonomic}
     bool UseG1GC                                  = true                                      {product} {ergonomic}
     bool UseLargePagesIndividualAllocation        = false                                  {pd product} {ergonomic}

Logging:
Log output configuration:
 #0: stdout all=warning uptime,level,tags
 #1: stderr all=off uptime,level,tags

Environment Variables:
PATH=C:/Users/SONY/.p2/pool/plugins/org.eclipse.justj.openjdk.hotspot.jre.full.win32.x86_64_17.0.2.v20220201-1208/jre/bin/server;C:/Users/SONY/.p2/pool/plugins/org.eclipse.justj.openjdk.hotspot.jre.full.win32.x86_64_17.0.2.v20220201-1208/jre/bin;C:\oraclexe\app\oracle\product\11.2.0\server\bin;;C:\Program Files\Common Files\Oracle\Java\javapath;C:\Program Files\Broadcom\Broadcom 802.11 Network Adapter;;C:\Program Files (x86)\NVIDIA Corporation\PhysX\Common;C:\Program Files (x86)\Intel\iCLS Client\;C:\Program Files\Intel\iCLS Client\;C:\WINDOWS\system32;C:\WINDOWS;C:\WINDOWS\System32\Wbem;C:\WINDOWS\System32\WindowsPowerShell\v1.0\;C:\Program Files\Intel\Intel(R) Management Engine Components\DAL;C:\Program Files\Intel\Intel(R) Management Engine Components\IPT;C:\Program Files (x86)\Intel\Intel(R) Management Engine Components\DAL;C:\Program Files (x86)\Intel\Intel(R) Management Engine Components\IPT;C:\Program Files\WIDCOMM\Bluetooth Software\;C:\Program Files\WIDCOMM\Bluetooth Software\syswow64;C:\Program Files (x86)\Intel\OpenCL SDK\3.0\bin\x86;C:\Program Files (x86)\Intel\OpenCL SDK\3.0\bin\x64;C:\Program Files\Sony\VAIO Improvement;C:\Program Files (x86)\Sony\VAIO BIOS Data Transfer Utility\;C:\Program Files (x86)\Sony\VAIO Startup Setting Tool;C:\Users\SONY\Desktop;
USERNAME=SONY
OS=Windows_NT
PROCESSOR_IDENTIFIER=Intel64 Family 6 Model 69 Stepping 1, GenuineIntel



---------------  S Y S T E M  ---------------

OS:
 Windows 8.1 , 64 bit Build 9600 (6.3.9600.20389)
OS uptime: 2 days 20:16 hours

CPU: total 4 (initial active 4) (2 cores per cpu, 2 threads per core) family 6 model 69 stepping 1 microcode 0x18, cx8, cmov, fxsr, ht, mmx, sse, sse2, sse3, ssse3, sse4.1, sse4.2, popcnt, lzcnt, tsc, tscinvbit, avx, avx2, aes, erms, clmul, bmi1, bmi2, fma, vzeroupper, clflush

Memory: 4k page, system-wide physical 3831M (298M free)
TotalPageFile size 6334M (AvailPageFile size 542M)
current process WorkingSet (physical memory assigned to process): 113M, peak: 118M
current process commit charge ("private bytes"): 143M, peak: 158M

vm_info: OpenJDK 64-Bit Server VM (17.0.2+8) for windows-amd64 JRE (17.0.2+8), built on Jan 20 2022 04:52:34 by "" with MS VC++ 16.7 (VS2019)

END.
