#
# There is insufficient memory for the Java Runtime Environment to continue.
# Native memory allocation (mmap) failed to map 65536 bytes for Failed to commit metaspace.
# Possible reasons:
#   The system is out of physical RAM or swap space
#   The process is running with CompressedOops enabled, and the Java Heap may be blocking the growth of the native heap
# Possible solutions:
#   Reduce memory load on the system
#   Increase physical memory or swap space
#   Check if swap backing store is full
#   Decrease Java heap size (-Xmx/-Xms)
#   Decrease number of Java threads
#   Decrease Java thread stack sizes (-Xss)
#   Set larger code cache with -XX:ReservedCodeCacheSize=
#   JVM is running with Unscaled Compressed Oops mode in which the Java heap is
#     placed in the first 4GB address space. The Java Heap base address is the
#     maximum limit for the native heap growth. Please use -XX:HeapBaseMinAddress
#     to set the Java Heap base and to place the Java Heap above 4GB virtual address.
# This output file may be truncated or incomplete.
#
#  Out of Memory Error (virtualSpaceNode.cpp:110), pid=6776, tid=10716
#
# JRE version: OpenJDK Runtime Environment Temurin-17.0.2+8 (17.0.2+8) (build 17.0.2+8)
# Java VM: OpenJDK 64-Bit Server VM Temurin-17.0.2+8 (17.0.2+8, mixed mode, tiered, compressed oops, compressed class ptrs, g1 gc, windows-amd64)
# No core dump will be written. Minidumps are not enabled by default on client versions of Windows
#

---------------  S U M M A R Y ------------

Command Line: -ea -Dfile.encoding=Cp1252 -XX:+ShowCodeDetailsInExceptionMessages org.testng.remote.RemoteTestNG -serport 50520 -protocol json -d E:\automation\KiteZerodha\test-output C:\Users\SONY\AppData\Local\Temp\testng-eclipse-431909950\testng-customsuite.xml

Host: Intel(R) Core(TM) i5-4200U CPU @ 1.60GHz, 4 cores, 3G,  Windows 8.1 , 64 bit Build 9600 (6.3.9600.20389)
Time: Sat Jun 18 18:36:53 2022 India Standard Time elapsed time: 31.824192 seconds (0d 0h 0m 31s)

---------------  T H R E A D  ---------------

Current thread (0x0000003a7b1832b0):  JavaThread "Driver Service Executor" daemon [_thread_in_vm, id=10716, stack(0x0000003a7cf00000,0x0000003a7d000000)]

Stack: [0x0000003a7cf00000,0x0000003a7d000000]
Native frames: (J=compiled Java code, j=interpreted, Vv=VM code, C=native code)
V  [jvm.dll+0x67564a]
V  [jvm.dll+0x82fc04]
V  [jvm.dll+0x8313ae]
V  [jvm.dll+0x831a13]
V  [jvm.dll+0x245235]
V  [jvm.dll+0x82bbab]
V  [jvm.dll+0x61a336]
V  [jvm.dll+0x1c016e]
V  [jvm.dll+0x61cc81]
V  [jvm.dll+0x61acd6]
V  [jvm.dll+0x242c8c]
V  [jvm.dll+0x6cb9ed]
V  [jvm.dll+0x6cc41f]
V  [jvm.dll+0x36f9b3]
V  [jvm.dll+0x36f826]
V  [jvm.dll+0x36eb72]
V  [jvm.dll+0x36eb18]
V  [jvm.dll+0x37e90a]
C  0x0000003a63feb6e4

Java frames: (J=compiled Java code, j=interpreted, Vv=VM code)
j  org.openqa.selenium.os.OsProcess.waitFor(J)V+61
j  org.openqa.selenium.os.CommandLine.waitFor(J)V+5
j  org.openqa.selenium.remote.service.DriverService.lambda$start$2()Lorg/openqa/selenium/remote/service/DriverService$StartOrDie;+11
j  org.openqa.selenium.remote.service.DriverService$$Lambda$302+0x00000001002ccf68.get()Ljava/lang/Object;+4
j  java.util.concurrent.CompletableFuture$AsyncSupply.run()V+37 java.base@17.0.2
j  java.util.concurrent.ThreadPoolExecutor.runWorker(Ljava/util/concurrent/ThreadPoolExecutor$Worker;)V+92 java.base@17.0.2
j  java.util.concurrent.ThreadPoolExecutor$Worker.run()V+5 java.base@17.0.2
j  java.lang.Thread.run()V+11 java.base@17.0.2
v  ~StubRoutines::call_stub

---------------  P R O C E S S  ---------------

Threads class SMR info:
_java_thread_list=0x0000003a7b9f9130, length=24, elements={
0x0000003a609551b0, 0x0000003a77bb1050, 0x0000003a77bb2140, 0x0000003a77b97990,
0x0000003a78a03260, 0x0000003a78a03e10, 0x0000003a78a067d0, 0x0000003a78a07560,
0x0000003a78a725f0, 0x0000003a78a788a0, 0x0000003a78b82500, 0x0000003a78b81360,
0x0000003a79eee730, 0x0000003a79fddc30, 0x0000003a79fde100, 0x0000003a79fde5d0,
0x0000003a7b20d730, 0x0000003a79dde540, 0x0000003a79d42020, 0x0000003a7b1832b0,
0x0000003a7b184ac0, 0x0000003a7b182440, 0x0000003a7b182de0, 0x0000003a7b1845f0
}

Java Threads: ( => current thread )
  0x0000003a609551b0 JavaThread "Forwarding newSession on session null to remote" [_thread_blocked, id=10088, stack(0x0000003a5fff0000,0x0000003a600f0000)]
  0x0000003a77bb1050 JavaThread "Reference Handler" daemon [_thread_blocked, id=10132, stack(0x0000003a77ec0000,0x0000003a77fc0000)]
  0x0000003a77bb2140 JavaThread "Finalizer" daemon [_thread_blocked, id=10136, stack(0x0000003a78800000,0x0000003a78900000)]
  0x0000003a77b97990 JavaThread "Signal Dispatcher" daemon [_thread_blocked, id=10200, stack(0x0000003a78de0000,0x0000003a78ee0000)]
  0x0000003a78a03260 JavaThread "Attach Listener" daemon [_thread_blocked, id=10204, stack(0x0000003a78ee0000,0x0000003a78fe0000)]
  0x0000003a78a03e10 JavaThread "Service Thread" daemon [_thread_blocked, id=10208, stack(0x0000003a78fe0000,0x0000003a790e0000)]
  0x0000003a78a067d0 JavaThread "Monitor Deflation Thread" daemon [_thread_blocked, id=10212, stack(0x0000003a790e0000,0x0000003a791e0000)]
  0x0000003a78a07560 JavaThread "C2 CompilerThread0" daemon [_thread_blocked, id=10216, stack(0x0000003a791e0000,0x0000003a792e0000)]
  0x0000003a78a725f0 JavaThread "C1 CompilerThread0" daemon [_thread_in_vm, id=9224, stack(0x0000003a792e0000,0x0000003a793e0000)]
  0x0000003a78a788a0 JavaThread "Sweeper thread" daemon [_thread_blocked, id=9264, stack(0x0000003a793e0000,0x0000003a794e0000)]
  0x0000003a78b82500 JavaThread "Notification Thread" daemon [_thread_blocked, id=10272, stack(0x0000003a794e0000,0x0000003a795e0000)]
  0x0000003a78b81360 JavaThread "Common-Cleaner" daemon [_thread_blocked, id=10280, stack(0x0000003a796e0000,0x0000003a797e0000)]
  0x0000003a79eee730 JavaThread "ReaderThread" [_thread_in_native, id=10356, stack(0x0000003a7a3c0000,0x0000003a7a4c0000)]
  0x0000003a79fddc30 JavaThread "ForkJoinPool.commonPool-worker-1" daemon [_thread_blocked, id=10484, stack(0x0000003a7bfd0000,0x0000003a7c0d0000)]
  0x0000003a79fde100 JavaThread "ForkJoinPool.commonPool-worker-2" daemon [_thread_blocked, id=10488, stack(0x0000003a7c0d0000,0x0000003a7c1d0000)]
  0x0000003a79fde5d0 JavaThread "ForkJoinPool.commonPool-worker-3" daemon [_thread_blocked, id=10492, stack(0x0000003a7c1d0000,0x0000003a7c2d0000)]
  0x0000003a7b20d730 JavaThread "AsyncHttpClient-1-1" daemon [_thread_in_vm, id=10588, stack(0x0000003a7c2d0000,0x0000003a7c3d0000)]
  0x0000003a79dde540 JavaThread "Exec Default Executor" daemon [_thread_in_native, id=10704, stack(0x0000003a7cd00000,0x0000003a7ce00000)]
  0x0000003a79d42020 JavaThread "Driver Service Executor" daemon [_thread_blocked, id=10712, stack(0x0000003a7ce00000,0x0000003a7cf00000)]
=>0x0000003a7b1832b0 JavaThread "Driver Service Executor" daemon [_thread_in_vm, id=10716, stack(0x0000003a7cf00000,0x0000003a7d000000)]
  0x0000003a7b184ac0 JavaThread "UrlChecker-2" daemon [_thread_blocked, id=10720, stack(0x0000003a7d000000,0x0000003a7d100000)]
  0x0000003a7b182440 JavaThread "Exec Stream Pumper" daemon [_thread_in_native, id=10732, stack(0x0000003a7d100000,0x0000003a7d200000)]
  0x0000003a7b182de0 JavaThread "Exec Stream Pumper" daemon [_thread_in_native, id=10736, stack(0x0000003a7d200000,0x0000003a7d300000)]
  0x0000003a7b1845f0 JavaThread "AsyncHttpClient-1-2" daemon [_thread_in_native, id=11116, stack(0x0000003a7dc00000,0x0000003a7dd00000)]

Other Threads:
  0x0000003a77b88a30 VMThread "VM Thread" [stack: 0x0000003a77dc0000,0x0000003a77ec0000] [id=10128]
  0x0000003a609d9fb0 WatcherThread [stack: 0x0000003a795e0000,0x0000003a796e0000] [id=10276]
  0x0000003a60982350 GCTaskThread "GC Thread#0" [stack: 0x0000003a60760000,0x0000003a60860000] [id=10104]
  0x0000003a79f759c0 GCTaskThread "GC Thread#1" [stack: 0x0000003a7a4c0000,0x0000003a7a5c0000] [id=10412]
  0x0000003a79f75c70 GCTaskThread "GC Thread#2" [stack: 0x0000003a7a5c0000,0x0000003a7a6c0000] [id=10416]
  0x0000003a79f75f20 GCTaskThread "GC Thread#3" [stack: 0x0000003a7a6c0000,0x0000003a7a7c0000] [id=10420]
  0x0000003a6098aa50 ConcurrentGCThread "G1 Main Marker" [stack: 0x0000003a75370000,0x0000003a75470000] [id=10108]
  0x0000003a6098b460 ConcurrentGCThread "G1 Conc#0" [stack: 0x0000003a75470000,0x0000003a75570000] [id=10112]
  0x0000003a779da0b0 ConcurrentGCThread "G1 Refine#0" [stack: 0x0000003a77bc0000,0x0000003a77cc0000] [id=10120]
  0x0000003a779daad0 ConcurrentGCThread "G1 Service" [stack: 0x0000003a77cc0000,0x0000003a77dc0000] [id=10124]

Threads with active compile tasks:
C1 CompilerThread0    39821 1912   !   3       io.netty.util.HashedWheelTimer$Worker::waitForNextTick (120 bytes)

VM state: not at safepoint (normal execution)

VM Mutex/Monitor currently owned by a thread:  ([mutex/lock_event])
[0x0000003a6094e8b0] Metaspace_lock - owner thread: 0x0000003a7b1832b0
[0x0000003a60950ee0] MethodData_lock - owner thread: 0x0000003a78a725f0

Heap address: 0x00000000c4200000, size: 958 MB, Compressed Oops mode: 32-bit

CDS archive(s) not mapped
Compressed class space mapped at: 0x0000000100000000-0x0000000140000000, reserved size: 1073741824
Narrow klass base: 0x0000000000000000, Narrow klass shift: 3, Narrow klass range: 0x140000000

GC Precious Log:
 CPUs: 4 total, 4 available
 Memory: 3831M
 Large Page Support: Disabled
 NUMA Support: Disabled
 Compressed Oops: Enabled (32-bit)
 Heap Region Size: 1M
 Heap Min Capacity: 8M
 Heap Initial Capacity: 60M
 Heap Max Capacity: 958M
 Pre-touch: Disabled
 Parallel Workers: 4
 Concurrent Workers: 1
 Concurrent Refinement Workers: 4
 Periodic GC: Disabled

Heap:
 garbage-first heap   total 34816K, used 21644K [0x00000000c4200000, 0x0000000100000000)
  region size 1024K, 8 young (8192K), 1 survivors (1024K)
 Metaspace       used 28727K, committed 28928K, reserved 1081344K
  class space    used 3289K, committed 3392K, reserved 1048576K

Heap Regions: E=young(eden), S=young(survivor), O=old, HS=humongous(starts), HC=humongous(continues), CS=collection set, F=free, OA=open archive, CA=closed archive, TAMS=top-at-mark-start (previous, next)
|   0|0x00000000c4200000, 0x00000000c4300000, 0x00000000c4300000|100%| O|  |TAMS 0x00000000c4300000, 0x00000000c4200000| Untracked 
|   1|0x00000000c4300000, 0x00000000c4400000, 0x00000000c4400000|100%| O|  |TAMS 0x00000000c4400000, 0x00000000c4300000| Untracked 
|   2|0x00000000c4400000, 0x00000000c4500000, 0x00000000c4500000|100%| O|  |TAMS 0x00000000c4500000, 0x00000000c4400000| Untracked 
|   3|0x00000000c4500000, 0x00000000c4600000, 0x00000000c4600000|100%| O|  |TAMS 0x00000000c4600000, 0x00000000c4500000| Untracked 
|   4|0x00000000c4600000, 0x00000000c4700000, 0x00000000c4700000|100%| O|  |TAMS 0x00000000c4700000, 0x00000000c4600000| Untracked 
|   5|0x00000000c4700000, 0x00000000c4700000, 0x00000000c4800000|  0%| F|  |TAMS 0x00000000c4700000, 0x00000000c4700000| Untracked 
|   6|0x00000000c4800000, 0x00000000c4900000, 0x00000000c4900000|100%| O|  |TAMS 0x00000000c4800000, 0x00000000c4800000| Untracked 
|   7|0x00000000c4900000, 0x00000000c4a00000, 0x00000000c4a00000|100%| O|  |TAMS 0x00000000c4900000, 0x00000000c4900000| Untracked 
|   8|0x00000000c4a00000, 0x00000000c4b00000, 0x00000000c4b00000|100%| O|  |TAMS 0x00000000c4a00000, 0x00000000c4a00000| Untracked 
|   9|0x00000000c4b00000, 0x00000000c4c00000, 0x00000000c4c00000|100%| O|  |TAMS 0x00000000c4b00000, 0x00000000c4b00000| Untracked 
|  10|0x00000000c4c00000, 0x00000000c4ccc000, 0x00000000c4d00000| 79%| O|  |TAMS 0x00000000c4c00000, 0x00000000c4c00000| Untracked 
|  11|0x00000000c4d00000, 0x00000000c4e00000, 0x00000000c4e00000|100%|HS|  |TAMS 0x00000000c4d00000, 0x00000000c4d00000| Complete 
|  12|0x00000000c4e00000, 0x00000000c4f00000, 0x00000000c4f00000|100%|HC|  |TAMS 0x00000000c4e00000, 0x00000000c4e00000| Complete 
|  13|0x00000000c4f00000, 0x00000000c5000000, 0x00000000c5000000|100%|HC|  |TAMS 0x00000000c4f00000, 0x00000000c4f00000| Complete 
|  14|0x00000000c5000000, 0x00000000c5100000, 0x00000000c5100000|100%|HC|  |TAMS 0x00000000c5000000, 0x00000000c5000000| Complete 
|  15|0x00000000c5100000, 0x00000000c5200000, 0x00000000c5200000|100%|HC|  |TAMS 0x00000000c5100000, 0x00000000c5100000| Complete 
|  16|0x00000000c5200000, 0x00000000c5200000, 0x00000000c5300000|  0%| F|  |TAMS 0x00000000c5200000, 0x00000000c5200000| Untracked 
|  17|0x00000000c5300000, 0x00000000c5300000, 0x00000000c5400000|  0%| F|  |TAMS 0x00000000c5300000, 0x00000000c5300000| Untracked 
|  18|0x00000000c5400000, 0x00000000c5400000, 0x00000000c5500000|  0%| F|  |TAMS 0x00000000c5400000, 0x00000000c5400000| Untracked 
|  19|0x00000000c5500000, 0x00000000c5500000, 0x00000000c5600000|  0%| F|  |TAMS 0x00000000c5500000, 0x00000000c5500000| Untracked 
|  20|0x00000000c5600000, 0x00000000c5600000, 0x00000000c5700000|  0%| F|  |TAMS 0x00000000c5600000, 0x00000000c5600000| Untracked 
|  21|0x00000000c5700000, 0x00000000c5700000, 0x00000000c5800000|  0%| F|  |TAMS 0x00000000c5700000, 0x00000000c5700000| Untracked 
|  22|0x00000000c5800000, 0x00000000c5800000, 0x00000000c5900000|  0%| F|  |TAMS 0x00000000c5800000, 0x00000000c5800000| Untracked 
|  23|0x00000000c5900000, 0x00000000c5900000, 0x00000000c5a00000|  0%| F|  |TAMS 0x00000000c5900000, 0x00000000c5900000| Untracked 
|  24|0x00000000c5a00000, 0x00000000c5a00000, 0x00000000c5b00000|  0%| F|  |TAMS 0x00000000c5a00000, 0x00000000c5a00000| Untracked 
|  25|0x00000000c5b00000, 0x00000000c5b00000, 0x00000000c5c00000|  0%| F|  |TAMS 0x00000000c5b00000, 0x00000000c5b00000| Untracked 
|  26|0x00000000c5c00000, 0x00000000c5c21a28, 0x00000000c5d00000| 13%| E|  |TAMS 0x00000000c5c00000, 0x00000000c5c00000| Complete 
|  27|0x00000000c5d00000, 0x00000000c5e00000, 0x00000000c5e00000|100%| E|CS|TAMS 0x00000000c5d00000, 0x00000000c5d00000| Complete 
|  28|0x00000000c5e00000, 0x00000000c5f00000, 0x00000000c5f00000|100%| E|CS|TAMS 0x00000000c5e00000, 0x00000000c5e00000| Complete 
|  29|0x00000000c5f00000, 0x00000000c6000000, 0x00000000c6000000|100%| E|CS|TAMS 0x00000000c5f00000, 0x00000000c5f00000| Complete 
|  40|0x00000000c6a00000, 0x00000000c6b00000, 0x00000000c6b00000|100%| E|CS|TAMS 0x00000000c6a00000, 0x00000000c6a00000| Complete 
|  41|0x00000000c6b00000, 0x00000000c6c00000, 0x00000000c6c00000|100%| E|CS|TAMS 0x00000000c6b00000, 0x00000000c6b00000| Complete 
|  42|0x00000000c6c00000, 0x00000000c6c57160, 0x00000000c6d00000| 34%| S|CS|TAMS 0x00000000c6c00000, 0x00000000c6c00000| Complete 
|  59|0x00000000c7d00000, 0x00000000c7e00000, 0x00000000c7e00000|100%| E|CS|TAMS 0x00000000c7d00000, 0x00000000c7d00000| Complete 

Card table byte_map: [0x0000003a731b0000,0x0000003a73390000] _byte_map_base: 0x0000003a72b8f000

Marking Bits (Prev, Next): (CMBitMap*) 0x0000003a609829a0, (CMBitMap*) 0x0000003a60982960
 Prev Bits: [0x0000003a74470000, 0x0000003a75368000)
 Next Bits: [0x0000003a73570000, 0x0000003a74468000)

Polling page: 0x0000003a600f0000

Metaspace:

Usage:
  Non-class:     24.84 MB used.
      Class:      3.21 MB used.
       Both:     28.05 MB used.

Virtual space:
  Non-class space:       32.00 MB reserved,      24.94 MB ( 78%) committed,  4 nodes.
      Class space:        1.00 GB reserved,       3.31 MB ( <1%) committed,  1 nodes.
             Both:        1.03 GB reserved,      28.25 MB (  3%) committed. 

Chunk freelists:
   Non-Class:  2.98 MB
       Class:  656.00 KB
        Both:  3.63 MB

MaxMetaspaceSize: unlimited
CompressedClassSpaceSize: 1.00 GB
Initial GC threshold: 21.00 MB
Current GC threshold: 35.13 MB
CDS: off
MetaspaceReclaimPolicy: balanced
 - commit_granule_bytes: 65536.
 - commit_granule_words: 8192.
 - virtual_space_node_default_size: 1048576.
 - enlarge_chunks_in_place: 1.
 - new_chunks_are_fully_committed: 0.
 - uncommit_free_chunks: 1.
 - use_allocation_guard: 0.
 - handle_deallocations: 1.


Internal statistics:

num_allocs_failed_limit: 3.
num_arena_births: 190.
num_arena_deaths: 0.
num_vsnodes_births: 5.
num_vsnodes_deaths: 0.
num_space_committed: 452.
num_space_uncommitted: 0.
num_chunks_returned_to_freelist: 3.
num_chunks_taken_from_freelist: 750.
num_chunk_merges: 0.
num_chunk_splits: 479.
num_chunks_enlarged: 370.
num_purges: 0.
num_inconsistent_stats: 0.

CodeHeap 'non-profiled nmethods': size=120000Kb used=723Kb max_used=723Kb free=119276Kb
 bounds [0x0000003a6baa0000, 0x0000003a6bd10000, 0x0000003a72fd0000]
CodeHeap 'profiled nmethods': size=120000Kb used=3584Kb max_used=3584Kb free=116415Kb
 bounds [0x0000003a64570000, 0x0000003a64900000, 0x0000003a6baa0000]
CodeHeap 'non-nmethods': size=5760Kb used=1247Kb max_used=1270Kb free=4513Kb
 bounds [0x0000003a63fd0000, 0x0000003a64240000, 0x0000003a64570000]
 total_blobs=2463 nmethods=1910 adapters=466
 compilation: enabled
              stopped_count=0, restarted_count=0
 full_count=0

Compilation events (20 events):
Event: 17.761 Thread 0x0000003a78a725f0 1901       3       io.netty.util.internal.shaded.org.jctools.queues.BaseMpscLinkedArrayQueueConsumerFields::lpConsumerIndex (11 bytes)
Event: 17.761 Thread 0x0000003a78a725f0 nmethod 1901 0x0000003a648ee090 code [0x0000003a648ee220, 0x0000003a648ee3f8]
Event: 17.761 Thread 0x0000003a78a725f0 1902       1       io.netty.util.HashedWheelTimer::access$900 (5 bytes)
Event: 17.761 Thread 0x0000003a78a725f0 nmethod 1902 0x0000003a6bb53f90 code [0x0000003a6bb54120, 0x0000003a6bb541d8]
Event: 17.865 Thread 0x0000003a78a725f0 1903       1       io.netty.util.HashedWheelTimer::access$400 (5 bytes)
Event: 17.865 Thread 0x0000003a78a725f0 nmethod 1903 0x0000003a6bb54290 code [0x0000003a6bb54420, 0x0000003a6bb544d8]
Event: 17.866 Thread 0x0000003a78a725f0 1904       1       io.netty.util.HashedWheelTimer::access$700 (5 bytes)
Event: 17.866 Thread 0x0000003a78a725f0 nmethod 1904 0x0000003a6bb54590 code [0x0000003a6bb54720, 0x0000003a6bb547d8]
Event: 18.161 Thread 0x0000003a78a725f0 1905       3       io.netty.util.internal.shaded.org.jctools.queues.MpscUnboundedArrayQueue::poll (5 bytes)
Event: 18.161 Thread 0x0000003a78a725f0 nmethod 1905 0x0000003a648ee490 code [0x0000003a648ee620, 0x0000003a648ee768]
Event: 18.161 Thread 0x0000003a78a725f0 1906       3       io.netty.util.internal.shaded.org.jctools.queues.BaseMpscLinkedArrayQueue::poll (108 bytes)
Event: 18.162 Thread 0x0000003a78a725f0 nmethod 1906 0x0000003a648ee810 code [0x0000003a648eea40, 0x0000003a648ef268]
Event: 19.061 Thread 0x0000003a78a725f0 1907       1       io.netty.util.HashedWheelTimer::access$1000 (5 bytes)
Event: 19.061 Thread 0x0000003a78a725f0 nmethod 1907 0x0000003a6bb54890 code [0x0000003a6bb54a20, 0x0000003a6bb54ad8]
Event: 19.353 Thread 0x0000003a78a725f0 1908       3       io.netty.util.internal.PlatformDependent::isWindows (4 bytes)
Event: 19.353 Thread 0x0000003a78a725f0 nmethod 1908 0x0000003a648ef590 code [0x0000003a648ef720, 0x0000003a648ef818]
Event: 25.562 Thread 0x0000003a78a725f0 1910       3       java.util.concurrent.atomic.AtomicIntegerFieldUpdater$AtomicIntegerFieldUpdaterImpl::accessCheck (17 bytes)
Event: 25.563 Thread 0x0000003a78a725f0 nmethod 1910 0x0000003a648ef890 code [0x0000003a648efa40, 0x0000003a648efc08]
Event: 29.562 Thread 0x0000003a78a725f0 1911       3       java.util.concurrent.atomic.AtomicIntegerFieldUpdater$AtomicIntegerFieldUpdaterImpl::get (17 bytes)
Event: 29.563 Thread 0x0000003a78a725f0 nmethod 1911 0x0000003a648efd10 code [0x0000003a648efec0, 0x0000003a648f00e8]

GC Heap History (10 events):
Event: 3.481 GC heap before
{Heap before GC invocations=0 (full 0):
 garbage-first heap   total 61440K, used 12288K [0x00000000c4200000, 0x0000000100000000)
  region size 1024K, 13 young (13312K), 0 survivors (0K)
 Metaspace       used 12065K, committed 12224K, reserved 1064960K
  class space    used 1137K, committed 1216K, reserved 1048576K
}
Event: 3.488 GC heap after
{Heap after GC invocations=1 (full 0):
 garbage-first heap   total 61440K, used 5828K [0x00000000c4200000, 0x0000000100000000)
  region size 1024K, 2 young (2048K), 2 survivors (2048K)
 Metaspace       used 12065K, committed 12224K, reserved 1064960K
  class space    used 1137K, committed 1216K, reserved 1048576K
}
Event: 5.607 GC heap before
{Heap before GC invocations=1 (full 0):
 garbage-first heap   total 61440K, used 16068K [0x00000000c4200000, 0x0000000100000000)
  region size 1024K, 12 young (12288K), 2 survivors (2048K)
 Metaspace       used 16200K, committed 16384K, reserved 1064960K
  class space    used 1672K, committed 1728K, reserved 1048576K
}
Event: 5.614 GC heap after
{Heap after GC invocations=2 (full 0):
 garbage-first heap   total 61440K, used 6474K [0x00000000c4200000, 0x0000000100000000)
  region size 1024K, 1 young (1024K), 1 survivors (1024K)
 Metaspace       used 16200K, committed 16384K, reserved 1064960K
  class space    used 1672K, committed 1728K, reserved 1048576K
}
Event: 6.498 GC heap before
{Heap before GC invocations=2 (full 0):
 garbage-first heap   total 61440K, used 21834K [0x00000000c4200000, 0x0000000100000000)
  region size 1024K, 17 young (17408K), 1 survivors (1024K)
 Metaspace       used 21325K, committed 21504K, reserved 1073152K
  class space    used 2292K, committed 2368K, reserved 1048576K
}
Event: 6.505 GC heap after
{Heap after GC invocations=3 (full 0):
 garbage-first heap   total 61440K, used 8464K [0x00000000c4200000, 0x0000000100000000)
  region size 1024K, 3 young (3072K), 3 survivors (3072K)
 Metaspace       used 21325K, committed 21504K, reserved 1073152K
  class space    used 2292K, committed 2368K, reserved 1048576K
}
Event: 12.410 GC heap before
{Heap before GC invocations=4 (full 0):
 garbage-first heap   total 34816K, used 24848K [0x00000000c4200000, 0x0000000100000000)
  region size 1024K, 20 young (20480K), 3 survivors (3072K)
 Metaspace       used 26734K, committed 27008K, reserved 1073152K
  class space    used 3013K, committed 3136K, reserved 1048576K
}
Event: 12.417 GC heap after
{Heap after GC invocations=5 (full 0):
 garbage-first heap   total 34816K, used 9921K [0x00000000c4200000, 0x0000000100000000)
  region size 1024K, 2 young (2048K), 2 survivors (2048K)
 Metaspace       used 26734K, committed 27008K, reserved 1073152K
  class space    used 3013K, committed 3136K, reserved 1048576K
}
Event: 12.463 GC heap before
{Heap before GC invocations=5 (full 0):
 garbage-first heap   total 34816K, used 10945K [0x00000000c4200000, 0x0000000100000000)
  region size 1024K, 3 young (3072K), 2 survivors (2048K)
 Metaspace       used 27032K, committed 27328K, reserved 1073152K
  class space    used 3052K, committed 3200K, reserved 1048576K
}
Event: 12.469 GC heap after
{Heap after GC invocations=6 (full 0):
 garbage-first heap   total 34816K, used 10380K [0x00000000c4200000, 0x0000000100000000)
  region size 1024K, 1 young (1024K), 1 survivors (1024K)
 Metaspace       used 27032K, committed 27328K, reserved 1073152K
  class space    used 3052K, committed 3200K, reserved 1048576K
}

Deoptimization events (20 events):
Event: 9.296 Thread 0x0000003a7b184ac0 Uncommon trap: trap_request=0xffffff45 fr.pc=0x0000003a6bb0fe78 relative=0x00000000000000d8
Event: 9.296 Thread 0x0000003a7b184ac0 Uncommon trap: reason=unstable_if action=reinterpret pc=0x0000003a6bb0fe78 method=java.lang.CharacterDataLatin1.digit(II)I @ 12 c2
Event: 9.296 Thread 0x0000003a7b184ac0 DEOPT PACKING pc=0x0000003a6bb0fe78 sp=0x0000003a7d0fe780
Event: 9.296 Thread 0x0000003a7b184ac0 DEOPT UNPACKING pc=0x0000003a640223a3 sp=0x0000003a7d0fe638 mode 2
Event: 9.809 Thread 0x0000003a7b184ac0 Uncommon trap: trap_request=0xffffff45 fr.pc=0x0000003a6bb0fac8 relative=0x00000000000000a8
Event: 9.809 Thread 0x0000003a7b184ac0 Uncommon trap: reason=unstable_if action=reinterpret pc=0x0000003a6bb0fac8 method=java.lang.CharacterDataLatin1.digit(II)I @ 12 c2
Event: 9.809 Thread 0x0000003a7b184ac0 DEOPT PACKING pc=0x0000003a6bb0fac8 sp=0x0000003a7d0fe6d0
Event: 9.809 Thread 0x0000003a7b184ac0 DEOPT UNPACKING pc=0x0000003a640223a3 sp=0x0000003a7d0fe648 mode 2
Event: 12.095 Thread 0x0000003a609551b0 Uncommon trap: trap_request=0xffffffde fr.pc=0x0000003a6bb2c1b0 relative=0x0000000000000450
Event: 12.095 Thread 0x0000003a609551b0 Uncommon trap: reason=class_check action=maybe_recompile pc=0x0000003a6bb2c1b0 method=java.util.regex.Pattern$Start.match(Ljava/util/regex/Matcher;ILjava/lang/CharSequence;)Z @ 44 c2
Event: 12.095 Thread 0x0000003a609551b0 DEOPT PACKING pc=0x0000003a6bb2c1b0 sp=0x0000003a600ec5b0
Event: 12.095 Thread 0x0000003a609551b0 DEOPT UNPACKING pc=0x0000003a640223a3 sp=0x0000003a600ec500 mode 2
Event: 12.095 Thread 0x0000003a609551b0 Uncommon trap: trap_request=0xffffffde fr.pc=0x0000003a6bb2c1b0 relative=0x0000000000000450
Event: 12.095 Thread 0x0000003a609551b0 Uncommon trap: reason=class_check action=maybe_recompile pc=0x0000003a6bb2c1b0 method=java.util.regex.Pattern$Start.match(Ljava/util/regex/Matcher;ILjava/lang/CharSequence;)Z @ 44 c2
Event: 12.095 Thread 0x0000003a609551b0 DEOPT PACKING pc=0x0000003a6bb2c1b0 sp=0x0000003a600ec5b0
Event: 12.095 Thread 0x0000003a609551b0 DEOPT UNPACKING pc=0x0000003a640223a3 sp=0x0000003a600ec500 mode 2
Event: 12.095 Thread 0x0000003a609551b0 Uncommon trap: trap_request=0xffffffde fr.pc=0x0000003a6bb2c1b0 relative=0x0000000000000450
Event: 12.095 Thread 0x0000003a609551b0 Uncommon trap: reason=class_check action=maybe_recompile pc=0x0000003a6bb2c1b0 method=java.util.regex.Pattern$Start.match(Ljava/util/regex/Matcher;ILjava/lang/CharSequence;)Z @ 44 c2
Event: 12.095 Thread 0x0000003a609551b0 DEOPT PACKING pc=0x0000003a6bb2c1b0 sp=0x0000003a600ec5b0
Event: 12.095 Thread 0x0000003a609551b0 DEOPT UNPACKING pc=0x0000003a640223a3 sp=0x0000003a600ec500 mode 2

Classes unloaded (0 events):
No events

Classes redefined (0 events):
No events

Internal exceptions (20 events):
Event: 8.684 Thread 0x0000003a609551b0 Exception <a 'java/lang/NoSuchMethodError'{0x00000000c5843178}: 'java.lang.Object java.lang.invoke.DirectMethodHandle$Holder.invokeSpecialIFC(java.lang.Object, java.lang.Object, java.lang.Object, java.lang.Object)'> (0x00000000c5843178) 
thrown [e:\jenkins\tmp\workspace\build\src\src\hotspot\share\interpreter\linkResolver.cpp, line 766]
Event: 8.898 Thread 0x0000003a609551b0 Exception <a 'java/lang/NoSuchMethodError'{0x00000000c578b468}: 'java.lang.Object java.lang.invoke.DirectMethodHandle$Holder.invokeInterface(java.lang.Object, java.lang.Object, java.lang.Object, java.lang.Object)'> (0x00000000c578b468) 
thrown [e:\jenkins\tmp\workspace\build\src\src\hotspot\share\interpreter\linkResolver.cpp, line 766]
Event: 8.903 Thread 0x0000003a609551b0 Exception <a 'java/lang/NoSuchMethodError'{0x00000000c5797f98}: 'void java.lang.invoke.DirectMethodHandle$Holder.invokeInterface(java.lang.Object, java.lang.Object, java.lang.Object)'> (0x00000000c5797f98) 
thrown [e:\jenkins\tmp\workspace\build\src\src\hotspot\share\interpreter\linkResolver.cpp, line 766]
Event: 8.915 Thread 0x0000003a609551b0 Exception <a 'java/lang/NoSuchMethodError'{0x00000000c57a1220}: 'java.lang.Object java.lang.invoke.DirectMethodHandle$Holder.invokeVirtual(java.lang.Object, java.lang.Object, java.lang.Object)'> (0x00000000c57a1220) 
thrown [e:\jenkins\tmp\workspace\build\src\src\hotspot\share\interpreter\linkResolver.cpp, line 766]
Event: 9.254 Thread 0x0000003a79dde540 Exception <a 'java/lang/NoSuchMethodError'{0x00000000c5410b20}: 'void java.lang.invoke.DirectMethodHandle$Holder.invokeStatic(java.lang.Object, long)'> (0x00000000c5410b20) 
thrown [e:\jenkins\tmp\workspace\build\src\src\hotspot\share\interpreter\linkResolver.cpp, line 766]
Event: 9.255 Thread 0x0000003a79dde540 Exception <a 'java/lang/NoSuchMethodError'{0x00000000c5416040}: 'java.lang.Object java.lang.invoke.DirectMethodHandle$Holder.newInvokeSpecial(java.lang.Object, long)'> (0x00000000c5416040) 
thrown [e:\jenkins\tmp\workspace\build\src\src\hotspot\share\interpreter\linkResolver.cpp, line 766]
Event: 9.258 Thread 0x0000003a79dde540 Exception <a 'java/lang/NoSuchMethodError'{0x00000000c543d560}: 'java.lang.Object java.lang.invoke.DirectMethodHandle$Holder.invokeStaticInit(java.lang.Object, java.lang.Object, long, java.lang.Object)'> (0x00000000c543d560) 
thrown [e:\jenkins\tmp\workspace\build\src\src\hotspot\share\interpreter\linkResolver.cpp, line 766]
Event: 9.259 Thread 0x0000003a79dde540 Exception <a 'java/lang/NoSuchMethodError'{0x00000000c54435e8}: 'java.lang.Object java.lang.invoke.DirectMethodHandle$Holder.newInvokeSpecial(java.lang.Object, java.lang.Object, long)'> (0x00000000c54435e8) 
thrown [e:\jenkins\tmp\workspace\build\src\src\hotspot\share\interpreter\linkResolver.cpp, line 766]
Event: 9.259 Thread 0x0000003a79dde540 Exception <a 'java/lang/NoSuchMethodError'{0x00000000c5447158}: 'java.lang.Object java.lang.invoke.Invokers$Holder.linkToTargetMethod(java.lang.Object, long, java.lang.Object)'> (0x00000000c5447158) 
thrown [e:\jenkins\tmp\workspace\build\src\src\hotspot\share\interpreter\linkResolver.cpp, line 766]
Event: 9.797 Thread 0x0000003a7b184ac0 Exception <a 'java/net/SocketException'{0x00000000c545fac8}: Socket is not connected: shutdown> (0x00000000c545fac8) 
thrown [e:\jenkins\tmp\workspace\build\src\src\hotspot\share\prims\jni.cpp, line 535]
Event: 10.310 Thread 0x0000003a7b184ac0 Exception <a 'java/net/SocketException'{0x00000000c5460e10}: Socket is not connected: shutdown> (0x00000000c5460e10) 
thrown [e:\jenkins\tmp\workspace\build\src\src\hotspot\share\prims\jni.cpp, line 535]
Event: 10.891 Thread 0x0000003a7b184ac0 Exception <a 'java/net/SocketException'{0x00000000c5462088}: Socket is not connected: shutdown> (0x00000000c5462088) 
thrown [e:\jenkins\tmp\workspace\build\src\src\hotspot\share\prims\jni.cpp, line 535]
Event: 11.432 Thread 0x0000003a7b184ac0 Exception <a 'java/net/SocketException'{0x00000000c5463300}: Socket is not connected: shutdown> (0x00000000c5463300) 
thrown [e:\jenkins\tmp\workspace\build\src\src\hotspot\share\prims\jni.cpp, line 535]
Event: 12.048 Thread 0x0000003a609551b0 Exception <a 'java/lang/NoSuchMethodError'{0x00000000c54ccae8}: 'double java.lang.invoke.DirectMethodHandle$Holder.invokeVirtual(java.lang.Object, java.lang.Object)'> (0x00000000c54ccae8) 
thrown [e:\jenkins\tmp\workspace\build\src\src\hotspot\share\interpreter\linkResolver.cpp, line 766]
Event: 12.049 Thread 0x0000003a609551b0 Exception <a 'java/lang/NoSuchMethodError'{0x00000000c54d3538}: 'float java.lang.invoke.DirectMethodHandle$Holder.invokeVirtual(java.lang.Object, java.lang.Object)'> (0x00000000c54d3538) 
thrown [e:\jenkins\tmp\workspace\build\src\src\hotspot\share\interpreter\linkResolver.cpp, line 766]
Event: 12.051 Thread 0x0000003a609551b0 Exception <a 'java/lang/NoSuchMethodError'{0x00000000c54dc7c0}: 'long java.lang.invoke.DirectMethodHandle$Holder.invokeVirtual(java.lang.Object, java.lang.Object)'> (0x00000000c54dc7c0) 
thrown [e:\jenkins\tmp\workspace\build\src\src\hotspot\share\interpreter\linkResolver.cpp, line 766]
Event: 12.184 Thread 0x0000003a609551b0 Exception <a 'java/lang/NoSuchMethodError'{0x00000000c52267b0}: 'void java.lang.invoke.DirectMethodHandle$Holder.invokeStatic(java.lang.Object, java.lang.Object, int)'> (0x00000000c52267b0) 
thrown [e:\jenkins\tmp\workspace\build\src\src\hotspot\share\interpreter\linkResolver.cpp, line 766]
Event: 12.218 Thread 0x0000003a609551b0 Exception <a 'java/lang/NoSuchMethodError'{0x00000000c52dba78}: 'java.lang.Object java.lang.invoke.DirectMethodHandle$Holder.newInvokeSpecial(java.lang.Object, java.lang.Object, java.lang.Object, java.lang.Object, java.lang.Object)'> (0x00000000c52dba78) 
thrown [e:\jenkins\tmp\workspace\build\src\src\hotspot\share\interpreter\linkResolver.cpp, line 766]
Event: 12.289 Thread 0x0000003a609551b0 Exception <a 'java/lang/NoSuchMethodError'{0x00000000c51ab150}: 'int java.lang.invoke.DirectMethodHandle$Holder.invokeSpecialIFC(java.lang.Object, java.lang.Object, java.lang.Object)'> (0x00000000c51ab150) 
thrown [e:\jenkins\tmp\workspace\build\src\src\hotspot\share\interpreter\linkResolver.cpp, line 766]
Event: 12.488 Thread 0x0000003a609551b0 Exception <a 'java/lang/NoSuchMethodError'{0x00000000c7d8d6f8}: 'void java.lang.invoke.DirectMethodHandle$Holder.invokeSpecial(java.lang.Object, java.lang.Object, java.lang.Object, java.lang.Object, java.lang.Object, java.lang.Object)'> (0x00000000c7d8d6f8) 
thrown [e:\jenkins\tmp\workspace\build\src\src\hotspot\share\interpreter\linkResolver.cpp, line 766]

VM Operations (20 events):
Event: 7.526 Executing VM operation: Cleanup
Event: 7.528 Executing VM operation: Cleanup done
Event: 9.533 Executing VM operation: Cleanup
Event: 9.533 Executing VM operation: Cleanup done
Event: 11.533 Executing VM operation: Cleanup
Event: 11.533 Executing VM operation: Cleanup done
Event: 12.025 Executing VM operation: HandshakeAllThreads
Event: 12.025 Executing VM operation: HandshakeAllThreads done
Event: 12.026 Executing VM operation: HandshakeAllThreads
Event: 12.026 Executing VM operation: HandshakeAllThreads done
Event: 12.028 Executing VM operation: HandshakeAllThreads
Event: 12.028 Executing VM operation: HandshakeAllThreads done
Event: 12.410 Executing VM operation: G1CollectForAllocation
Event: 12.417 Executing VM operation: G1CollectForAllocation done
Event: 12.463 Executing VM operation: G1CollectForAllocation
Event: 12.469 Executing VM operation: G1CollectForAllocation done
Event: 13.469 Executing VM operation: Cleanup
Event: 13.469 Executing VM operation: Cleanup done
Event: 17.471 Executing VM operation: Cleanup
Event: 17.471 Executing VM operation: Cleanup done

Events (20 events):
Event: 13.035 loading class java/lang/invoke/ConstantBootstraps done
Event: 13.114 loading class java/nio/channels/UnsupportedAddressTypeException
Event: 13.114 loading class java/nio/channels/UnsupportedAddressTypeException done
Event: 13.120 loading class java/nio/channels/spi/AbstractSelector$1
Event: 13.120 loading class java/nio/channels/spi/AbstractSelector$1 done
Event: 13.174 loading class java/io/PushbackInputStream
Event: 13.174 loading class java/io/PushbackInputStream done
Event: 13.201 loading class java/nio/charset/IllegalCharsetNameException
Event: 13.201 loading class java/nio/charset/IllegalCharsetNameException done
Event: 13.201 loading class java/nio/charset/UnsupportedCharsetException
Event: 13.202 loading class java/nio/charset/UnsupportedCharsetException done
Event: 13.211 loading class sun/nio/ch/IOVecWrapper
Event: 13.211 loading class sun/nio/ch/IOVecWrapper done
Event: 13.211 loading class sun/nio/ch/AllocatedNativeObject
Event: 13.211 loading class sun/nio/ch/NativeObject
Event: 13.212 loading class sun/nio/ch/NativeObject done
Event: 13.212 loading class sun/nio/ch/AllocatedNativeObject done
Event: 13.212 loading class sun/nio/ch/IOVecWrapper$Deallocator
Event: 13.212 loading class sun/nio/ch/IOVecWrapper$Deallocator done
Event: 17.029 Thread 0x0000003a7b184120 Thread exited: 0x0000003a7b184120


Dynamic libraries:
0x00007ff650990000 - 0x00007ff65099e000 	C:\Users\SONY\.p2\pool\plugins\org.eclipse.justj.openjdk.hotspot.jre.full.win32.x86_64_17.0.2.v20220201-1208\jre\bin\javaw.exe
0x00007ff84e990000 - 0x00007ff84eb3d000 	C:\WINDOWS\SYSTEM32\ntdll.dll
0x00007ff84c590000 - 0x00007ff84c6cf000 	C:\WINDOWS\system32\KERNEL32.DLL
0x00007ff84bdc0000 - 0x00007ff84bed5000 	C:\WINDOWS\system32\KERNELBASE.dll
0x00007ff8486a0000 - 0x00007ff8486b8000 	C:\Users\SONY\.p2\pool\plugins\org.eclipse.justj.openjdk.hotspot.jre.full.win32.x86_64_17.0.2.v20220201-1208\jre\bin\jli.dll
0x00007ff83fcc0000 - 0x00007ff83fcd9000 	C:\Users\SONY\.p2\pool\plugins\org.eclipse.justj.openjdk.hotspot.jre.full.win32.x86_64_17.0.2.v20220201-1208\jre\bin\VCRUNTIME140.dll
0x00007ff846170000 - 0x00007ff846174000 	C:\Users\SONY\.p2\pool\plugins\org.eclipse.justj.openjdk.hotspot.jre.full.win32.x86_64_17.0.2.v20220201-1208\jre\bin\api-ms-win-crt-stdio-l1-1-0.dll
0x00007ff83f070000 - 0x00007ff83f074000 	C:\Users\SONY\.p2\pool\plugins\org.eclipse.justj.openjdk.hotspot.jre.full.win32.x86_64_17.0.2.v20220201-1208\jre\bin\api-ms-win-crt-runtime-l1-1-0.dll
0x00007ff83f060000 - 0x00007ff83f063000 	C:\Users\SONY\.p2\pool\plugins\org.eclipse.justj.openjdk.hotspot.jre.full.win32.x86_64_17.0.2.v20220201-1208\jre\bin\api-ms-win-crt-environment-l1-1-0.dll
0x00007ff83f050000 - 0x00007ff83f055000 	C:\Users\SONY\.p2\pool\plugins\org.eclipse.justj.openjdk.hotspot.jre.full.win32.x86_64_17.0.2.v20220201-1208\jre\bin\api-ms-win-crt-math-l1-1-0.dll
0x00007ff83b360000 - 0x00007ff83b363000 	C:\Users\SONY\.p2\pool\plugins\org.eclipse.justj.openjdk.hotspot.jre.full.win32.x86_64_17.0.2.v20220201-1208\jre\bin\api-ms-win-crt-locale-l1-1-0.dll
0x00007ff83a960000 - 0x00007ff83a963000 	C:\Users\SONY\.p2\pool\plugins\org.eclipse.justj.openjdk.hotspot.jre.full.win32.x86_64_17.0.2.v20220201-1208\jre\bin\api-ms-win-crt-heap-l1-1-0.dll
0x00007ff849760000 - 0x00007ff8499db000 	C:\WINDOWS\WinSxS\amd64_microsoft.windows.common-controls_6595b64144ccf1df_6.0.9600.19394_none_62486577ecb635cf\COMCTL32.dll
0x00007ff84e680000 - 0x00007ff84e7f7000 	C:\WINDOWS\system32\USER32.dll
0x00007ff83a060000 - 0x00007ff83a063000 	C:\Users\SONY\.p2\pool\plugins\org.eclipse.justj.openjdk.hotspot.jre.full.win32.x86_64_17.0.2.v20220201-1208\jre\bin\api-ms-win-crt-filesystem-l1-1-0.dll
0x00007ff839980000 - 0x00007ff839984000 	C:\Users\SONY\.p2\pool\plugins\org.eclipse.justj.openjdk.hotspot.jre.full.win32.x86_64_17.0.2.v20220201-1208\jre\bin\api-ms-win-crt-string-l1-1-0.dll
0x00007ff839590000 - 0x00007ff839594000 	C:\Users\SONY\.p2\pool\plugins\org.eclipse.justj.openjdk.hotspot.jre.full.win32.x86_64_17.0.2.v20220201-1208\jre\bin\api-ms-win-crt-convert-l1-1-0.dll
0x00007ff84deb0000 - 0x00007ff84df5a000 	C:\WINDOWS\system32\msvcrt.dll
0x00007ff84c1b0000 - 0x00007ff84c2fe000 	C:\WINDOWS\system32\GDI32.dll
0x00007ff82f110000 - 0x00007ff82f20a000 	C:\Users\SONY\.p2\pool\plugins\org.eclipse.justj.openjdk.hotspot.jre.full.win32.x86_64_17.0.2.v20220201-1208\jre\bin\ucrtbase.DLL
0x00007ff84c010000 - 0x00007ff84c046000 	C:\WINDOWS\system32\IMM32.DLL
0x00007ff84c050000 - 0x00007ff84c1a1000 	C:\WINDOWS\system32\MSCTF.dll
0x00007ff842630000 - 0x00007ff84263c000 	C:\Users\SONY\.p2\pool\plugins\org.eclipse.justj.openjdk.hotspot.jre.full.win32.x86_64_17.0.2.v20220201-1208\jre\bin\vcruntime140_1.dll
0x00007ff82e790000 - 0x00007ff82e821000 	C:\Users\SONY\.p2\pool\plugins\org.eclipse.justj.openjdk.hotspot.jre.full.win32.x86_64_17.0.2.v20220201-1208\jre\bin\msvcp140.dll
0x00007ff8393c0000 - 0x00007ff8393c3000 	C:\Users\SONY\.p2\pool\plugins\org.eclipse.justj.openjdk.hotspot.jre.full.win32.x86_64_17.0.2.v20220201-1208\jre\bin\api-ms-win-crt-time-l1-1-0.dll
0x00007ff8392e0000 - 0x00007ff8392e3000 	C:\Users\SONY\.p2\pool\plugins\org.eclipse.justj.openjdk.hotspot.jre.full.win32.x86_64_17.0.2.v20220201-1208\jre\bin\api-ms-win-crt-utility-l1-1-0.dll
0x00007ff8282d0000 - 0x00007ff828f17000 	C:\Users\SONY\.p2\pool\plugins\org.eclipse.justj.openjdk.hotspot.jre.full.win32.x86_64_17.0.2.v20220201-1208\jre\bin\server\jvm.dll
0x00007ff84dcc0000 - 0x00007ff84dd6d000 	C:\WINDOWS\system32\ADVAPI32.dll
0x00007ff8433b0000 - 0x00007ff8433b9000 	C:\WINDOWS\SYSTEM32\WSOCK32.dll
0x00007ff843e90000 - 0x00007ff843eb2000 	C:\WINDOWS\SYSTEM32\WINMM.dll
0x00007ff849010000 - 0x00007ff84901a000 	C:\WINDOWS\SYSTEM32\VERSION.dll
0x00007ff84e4d0000 - 0x00007ff84e4d7000 	C:\WINDOWS\system32\PSAPI.DLL
0x00007ff84dc60000 - 0x00007ff84dcbb000 	C:\WINDOWS\SYSTEM32\sechost.dll
0x00007ff84dd70000 - 0x00007ff84dea5000 	C:\WINDOWS\system32\RPCRT4.dll
0x00007ff84c300000 - 0x00007ff84c35a000 	C:\WINDOWS\system32\WS2_32.dll
0x00007ff843e40000 - 0x00007ff843e6a000 	C:\WINDOWS\SYSTEM32\WINMMBASE.dll
0x00007ff84bee0000 - 0x00007ff84bf0e000 	C:\WINDOWS\system32\SspiCli.dll
0x00007ff84e370000 - 0x00007ff84e379000 	C:\WINDOWS\system32\NSI.dll
0x00007ff84bf10000 - 0x00007ff84bf5f000 	C:\WINDOWS\SYSTEM32\cfgmgr32.dll
0x00007ff84a880000 - 0x00007ff84a8a8000 	C:\WINDOWS\SYSTEM32\DEVOBJ.dll
0x00007ff83c2f0000 - 0x00007ff83c2fa000 	C:\Users\SONY\.p2\pool\plugins\org.eclipse.justj.openjdk.hotspot.jre.full.win32.x86_64_17.0.2.v20220201-1208\jre\bin\jimage.dll
0x00007ff849020000 - 0x00007ff8491aa000 	C:\WINDOWS\SYSTEM32\DBGHELP.DLL
0x00007ff83c1a0000 - 0x00007ff83c1c5000 	C:\Users\SONY\.p2\pool\plugins\org.eclipse.justj.openjdk.hotspot.jre.full.win32.x86_64_17.0.2.v20220201-1208\jre\bin\java.dll
0x00007ff83c180000 - 0x00007ff83c198000 	C:\Users\SONY\.p2\pool\plugins\org.eclipse.justj.openjdk.hotspot.jre.full.win32.x86_64_17.0.2.v20220201-1208\jre\bin\zip.dll
0x00007ff84c6d0000 - 0x00007ff84dbfc000 	C:\WINDOWS\system32\SHELL32.dll
0x00007ff84df60000 - 0x00007ff84e172000 	C:\WINDOWS\SYSTEM32\combase.dll
0x00007ff84dc00000 - 0x00007ff84dc54000 	C:\WINDOWS\system32\SHLWAPI.dll
0x00007ff84a260000 - 0x00007ff84a312000 	C:\WINDOWS\SYSTEM32\SHCORE.dll
0x00007ff84ba30000 - 0x00007ff84ba45000 	C:\WINDOWS\SYSTEM32\profapi.dll
0x00007ff83c160000 - 0x00007ff83c179000 	C:\Users\SONY\.p2\pool\plugins\org.eclipse.justj.openjdk.hotspot.jre.full.win32.x86_64_17.0.2.v20220201-1208\jre\bin\net.dll
0x00007ff8432d0000 - 0x00007ff843399000 	C:\WINDOWS\SYSTEM32\WINHTTP.dll
0x00007ff84b270000 - 0x00007ff84b2c9000 	C:\WINDOWS\system32\mswsock.dll
0x00007ff83c140000 - 0x00007ff83c155000 	C:\Users\SONY\.p2\pool\plugins\org.eclipse.justj.openjdk.hotspot.jre.full.win32.x86_64_17.0.2.v20220201-1208\jre\bin\nio.dll
0x00007ff84b070000 - 0x00007ff84b114000 	C:\WINDOWS\SYSTEM32\DNSAPI.dll
0x00007ff843660000 - 0x00007ff84366a000 	C:\Windows\System32\rasadhlp.dll
0x00007ff8467a0000 - 0x00007ff84680b000 	C:\WINDOWS\System32\fwpuclnt.dll
0x00007ff84b2d0000 - 0x00007ff84b2f0000 	C:\WINDOWS\SYSTEM32\CRYPTSP.dll
0x00007ff84aef0000 - 0x00007ff84af26000 	C:\WINDOWS\system32\rsaenh.dll
0x00007ff84b510000 - 0x00007ff84b536000 	C:\WINDOWS\SYSTEM32\bcrypt.dll
0x00007ff84b000000 - 0x00007ff84b021000 	C:\WINDOWS\SYSTEM32\USERENV.dll
0x00007ff84b830000 - 0x00007ff84b893000 	C:\WINDOWS\system32\bcryptprimitives.dll
0x00007ff84b8a0000 - 0x00007ff84b8ab000 	C:\WINDOWS\SYSTEM32\CRYPTBASE.dll
0x00007ff846da0000 - 0x00007ff846dca000 	C:\WINDOWS\SYSTEM32\IPHLPAPI.DLL
0x00007ff847f00000 - 0x00007ff847f0a000 	C:\WINDOWS\SYSTEM32\WINNSI.DLL
0x00007ff846210000 - 0x00007ff846226000 	C:\WINDOWS\SYSTEM32\dhcpcsvc6.DLL
0x00007ff846840000 - 0x00007ff84685a000 	C:\WINDOWS\SYSTEM32\dhcpcsvc.DLL
0x00007ff83eb40000 - 0x00007ff83eb50000 	C:\Users\SONY\.p2\pool\plugins\org.eclipse.justj.openjdk.hotspot.jre.full.win32.x86_64_17.0.2.v20220201-1208\jre\bin\verify.dll
0x00007ff8393d0000 - 0x00007ff8393d9000 	C:\Users\SONY\.p2\pool\plugins\org.eclipse.justj.openjdk.hotspot.jre.full.win32.x86_64_17.0.2.v20220201-1208\jre\bin\management.dll
0x00007ff838e50000 - 0x00007ff838e5b000 	C:\Users\SONY\.p2\pool\plugins\org.eclipse.justj.openjdk.hotspot.jre.full.win32.x86_64_17.0.2.v20220201-1208\jre\bin\management_ext.dll
0x00007ff83b8a0000 - 0x00007ff83b8ae000 	C:\Users\SONY\.p2\pool\plugins\org.eclipse.justj.openjdk.hotspot.jre.full.win32.x86_64_17.0.2.v20220201-1208\jre\bin\sunmscapi.dll
0x00007ff84bb00000 - 0x00007ff84bd57000 	C:\WINDOWS\system32\CRYPT32.dll
0x00007ff84b4e0000 - 0x00007ff84b505000 	C:\WINDOWS\SYSTEM32\ncrypt.dll
0x00007ff84bae0000 - 0x00007ff84baf1000 	C:\WINDOWS\system32\MSASN1.dll
0x00007ff84b4a0000 - 0x00007ff84b4d7000 	C:\WINDOWS\SYSTEM32\NTASN1.dll
0x00007ff842500000 - 0x00007ff842515000 	C:\WINDOWS\system32\napinsp.dll
0x00007ff8424e0000 - 0x00007ff8424fa000 	C:\WINDOWS\system32\pnrpnsp.dll
0x00007ff849260000 - 0x00007ff84927b000 	C:\WINDOWS\system32\NLAapi.dll
0x00007ff8433a0000 - 0x00007ff8433ad000 	C:\WINDOWS\System32\winrnr.dll
0x00007ff8424c0000 - 0x00007ff8424d4000 	C:\WINDOWS\system32\wshbth.dll

dbghelp: loaded successfully - version: 4.0.5 - missing functions: none
symbol engine: initialized successfully - sym options: 0x614 - pdb path: .;C:\Users\SONY\.p2\pool\plugins\org.eclipse.justj.openjdk.hotspot.jre.full.win32.x86_64_17.0.2.v20220201-1208\jre\bin;C:\WINDOWS\SYSTEM32;C:\WINDOWS\WinSxS\amd64_microsoft.windows.common-controls_6595b64144ccf1df_6.0.9600.19394_none_62486577ecb635cf;C:\Users\SONY\.p2\pool\plugins\org.eclipse.justj.openjdk.hotspot.jre.full.win32.x86_64_17.0.2.v20220201-1208\jre\bin\server

VM Arguments:
jvm_args: -ea -Dfile.encoding=Cp1252 -XX:+ShowCodeDetailsInExceptionMessages 
java_command: org.testng.remote.RemoteTestNG -serport 50520 -protocol json -d E:\automation\KiteZerodha\test-output C:\Users\SONY\AppData\Local\Temp\testng-eclipse-431909950\testng-customsuite.xml
java_class_path (initial): C:\Users\SONY\eclipse\java-2021-12\eclipse\configuration\org.eclipse.osgi\432\0\.cp\lib\testng-remote.jar;E:\automation\KiteZerodha\target\test-classes;E:\automation\KiteZerodha\target\classes;C:\Users\SONY\.p2\pool\plugins\org.testng_7.4.0.r202105021533.jar;C:\Users\SONY\.p2\pool\plugins\com.beust.jcommander_1.78.0.jar;C:\Users\SONY\.p2\pool\plugins\org.apache-extras.beanshell.bsh_2.0.0.b6.jar;C:\Users\SONY\.p2\pool\plugins\org.yaml.snakeyaml_1.21.0.jar;C:\Users\SONY\.p2\pool\plugins\org.webjars.jquery_3.5.1.jar;C:\Users\SONY\.m2\repository\org\seleniumhq\selenium\selenium-java\4.2.0\selenium-java-4.2.0.jar;C:\Users\SONY\.m2\repository\org\seleniumhq\selenium\selenium-api\4.2.0\selenium-api-4.2.0.jar;C:\Users\SONY\.m2\repository\org\seleniumhq\selenium\selenium-chrome-driver\4.2.0\selenium-chrome-driver-4.2.0.jar;C:\Users\SONY\.m2\repository\com\google\auto\service\auto-service-annotations\1.0.1\auto-service-annotations-1.0.1.jar;C:\Users\SONY\.m2\repository\com\google\auto\service\auto-service\1.0.1\auto-service-1.0.1.jar;C:\Users\SONY\.m2\repository\com\google\auto\auto-common\1.2\auto-common-1.2.jar;C:\Users\SONY\.m2\repository\com\google\guava\guava\31.1-jre\guava-31.1-jre.jar;C:\Users\SONY\.m2\repository\com\google\guava\failureaccess\1.0.1\failureaccess-1.0.1.jar;C:\Users\SONY\.m2\repository\com\google\guava\listenablefuture\9999.0-empty-to-avoid-conflict-with-guava\listenablefuture-9999.0-empty-to-avoid-conflict-with-guava.jar;C:\Users\SONY\.m2\repository\org\checkerframework\checker-qual\3.12.0\checker-qual-3.12.0.jar;C:\Users\SONY\.m2\repository\com\google\errorprone\error_prone_annotations\2.11.0\error_prone_annotations-2.11.0.jar;C:\Users\SONY\.m2\repository\com\google\j2objc\j2objc-annotations\1.3\j2objc-annotations-1.3.jar;C:\Users\SONY\.m2\repository\org\seleniumhq\selenium\selenium-chromium-driver\4.2.0\selenium-chromium-driver-4.2.0.jar;C:\Users\SONY\.m2\repository\org\seleniumhq\selenium\selenium-json\4.2.0\selenium-jso
Launcher Type: SUN_STANDARD

[Global flags]
     intx CICompilerCount                          = 3                                         {product} {ergonomic}
     uint ConcGCThreads                            = 1                                         {product} {ergonomic}
     uint G1ConcRefinementThreads                  = 4                                         {product} {ergonomic}
   size_t G1HeapRegionSize                         = 1048576                                   {product} {ergonomic}
    uintx GCDrainStackTargetSize                   = 64                                        {product} {ergonomic}
   size_t InitialHeapSize                          = 62914560                                  {product} {ergonomic}
   size_t MarkStackSize                            = 4194304                                   {product} {ergonomic}
   size_t MaxHeapSize                              = 1004535808                                {product} {ergonomic}
   size_t MaxNewSize                               = 601882624                                 {product} {ergonomic}
   size_t MinHeapDeltaBytes                        = 1048576                                   {product} {ergonomic}
   size_t MinHeapSize                              = 8388608                                   {product} {ergonomic}
    uintx NonNMethodCodeHeapSize                   = 5832780                                {pd product} {ergonomic}
    uintx NonProfiledCodeHeapSize                  = 122912730                              {pd product} {ergonomic}
    uintx ProfiledCodeHeapSize                     = 122912730                              {pd product} {ergonomic}
    uintx ReservedCodeCacheSize                    = 251658240                              {pd product} {ergonomic}
     bool SegmentedCodeCache                       = true                                      {product} {ergonomic}
     bool ShowCodeDetailsInExceptionMessages       = true                                   {manageable} {command line}
   size_t SoftMaxHeapSize                          = 1004535808                             {manageable} {ergonomic}
     bool UseCompressedClassPointers               = true                           {product lp64_product} {ergonomic}
     bool UseCompressedOops                        = true                           {product lp64_product} {ergonomic}
     bool UseG1GC                                  = true                                      {product} {ergonomic}
     bool UseLargePagesIndividualAllocation        = false                                  {pd product} {ergonomic}

Logging:
Log output configuration:
 #0: stdout all=warning uptime,level,tags
 #1: stderr all=off uptime,level,tags

Environment Variables:
PATH=C:/Users/SONY/.p2/pool/plugins/org.eclipse.justj.openjdk.hotspot.jre.full.win32.x86_64_17.0.2.v20220201-1208/jre/bin/server;C:/Users/SONY/.p2/pool/plugins/org.eclipse.justj.openjdk.hotspot.jre.full.win32.x86_64_17.0.2.v20220201-1208/jre/bin;C:\oraclexe\app\oracle\product\11.2.0\server\bin;;C:\Program Files\Common Files\Oracle\Java\javapath;C:\Program Files\Broadcom\Broadcom 802.11 Network Adapter;;C:\Program Files (x86)\NVIDIA Corporation\PhysX\Common;C:\Program Files (x86)\Intel\iCLS Client\;C:\Program Files\Intel\iCLS Client\;C:\WINDOWS\system32;C:\WINDOWS;C:\WINDOWS\System32\Wbem;C:\WINDOWS\System32\WindowsPowerShell\v1.0\;C:\Program Files\Intel\Intel(R) Management Engine Components\DAL;C:\Program Files\Intel\Intel(R) Management Engine Components\IPT;C:\Program Files (x86)\Intel\Intel(R) Management Engine Components\DAL;C:\Program Files (x86)\Intel\Intel(R) Management Engine Components\IPT;C:\Program Files\WIDCOMM\Bluetooth Software\;C:\Program Files\WIDCOMM\Bluetooth Software\syswow64;C:\Program Files (x86)\Intel\OpenCL SDK\3.0\bin\x86;C:\Program Files (x86)\Intel\OpenCL SDK\3.0\bin\x64;C:\Program Files\Sony\VAIO Improvement;C:\Program Files (x86)\Sony\VAIO BIOS Data Transfer Utility\;C:\Program Files (x86)\Sony\VAIO Startup Setting Tool;C:\Users\SONY\Desktop;
USERNAME=SONY
OS=Windows_NT
PROCESSOR_IDENTIFIER=Intel64 Family 6 Model 69 Stepping 1, GenuineIntel



---------------  S Y S T E M  ---------------

OS:
 Windows 8.1 , 64 bit Build 9600 (6.3.9600.20389)
OS uptime: 2 days 20:16 hours

CPU: total 4 (initial active 4) (2 cores per cpu, 2 threads per core) family 6 model 69 stepping 1 microcode 0x18, cx8, cmov, fxsr, ht, mmx, sse, sse2, sse3, ssse3, sse4.1, sse4.2, popcnt, lzcnt, tsc, tscinvbit, avx, avx2, aes, erms, clmul, bmi1, bmi2, fma, vzeroupper, clflush

Memory: 4k page, system-wide physical 3831M (298M free)
TotalPageFile size 6334M (AvailPageFile size 542M)
current process WorkingSet (physical memory assigned to process): 114M, peak: 123M
current process commit charge ("private bytes"): 139M, peak: 163M

vm_info: OpenJDK 64-Bit Server VM (17.0.2+8) for windows-amd64 JRE (17.0.2+8), built on Jan 20 2022 04:52:34 by "" with MS VC++ 16.7 (VS2019)

END.
